LEN_WRITE ch=1 step=1 len=64 len_en=0 en=0
NRX4_PRE ch=1 step=1 len=64 len_en=0 en=0
NRX4_POST ch=1 step=1 len=64 len_en=0 en=0
LEN_WRITE ch=2 step=1 len=64 len_en=0 en=0
NRX4_PRE ch=2 step=1 len=64 len_en=0 en=0
NRX4_POST ch=2 step=1 len=64 len_en=0 en=0
LEN_WRITE ch=3 step=1 len=256 len_en=0 en=0
NRX4_PRE ch=3 step=1 len=256 len_en=0 en=0
NRX4_POST ch=3 step=1 len=256 len_en=0 en=0
LEN_WRITE ch=4 step=2 len=64 len_en=0 en=0
NRX4_PRE ch=4 step=2 len=64 len_en=0 en=0
NRX4_POST ch=4 step=2 len=64 len_en=0 en=0
LEN_WRITE ch=1 step=2 len=63 len_en=0 en=0
NRX4_PRE ch=1 step=2 len=63 len_en=0 en=0
NRX4_POST ch=1 step=2 len=63 len_en=0 en=0
LEN_WRITE ch=2 step=2 len=63 len_en=0 en=0
NRX4_PRE ch=2 step=2 len=63 len_en=0 en=0
NRX4_POST ch=2 step=2 len=63 len_en=0 en=0
LEN_WRITE ch=3 step=2 len=255 len_en=0 en=0
NRX4_PRE ch=3 step=2 len=255 len_en=0 en=0
NRX4_POST ch=3 step=2 len=255 len_en=0 en=0
LEN_WRITE ch=4 step=2 len=63 len_en=0 en=0
NRX4_PRE ch=4 step=2 len=63 len_en=0 en=0
NRX4_POST ch=4 step=2 len=63 len_en=0 en=0
LEN_WRITE ch=1 step=3 len=62 len_en=0 en=0
NRX4_PRE ch=1 step=3 len=62 len_en=0 en=0
NRX4_POST ch=1 step=3 len=62 len_en=0 en=0
LEN_WRITE ch=2 step=3 len=62 len_en=0 en=0
NRX4_PRE ch=2 step=3 len=62 len_en=0 en=0
NRX4_POST ch=2 step=3 len=62 len_en=0 en=0
LEN_WRITE ch=3 step=3 len=254 len_en=0 en=0
NRX4_PRE ch=3 step=3 len=254 len_en=0 en=0
NRX4_POST ch=3 step=3 len=254 len_en=0 en=0
LEN_WRITE ch=4 step=3 len=62 len_en=0 en=0
NRX4_PRE ch=4 step=3 len=62 len_en=0 en=0
NRX4_POST ch=4 step=3 len=62 len_en=0 en=0
LEN_WRITE ch=1 step=4 len=61 len_en=0 en=0
NRX4_PRE ch=1 step=4 len=61 len_en=0 en=0
NRX4_POST ch=1 step=4 len=61 len_en=0 en=0
LEN_WRITE ch=2 step=4 len=61 len_en=0 en=0
NRX4_PRE ch=2 step=4 len=61 len_en=0 en=0
NRX4_POST ch=2 step=4 len=61 len_en=0 en=0
LEN_WRITE ch=3 step=4 len=253 len_en=0 en=0
NRX4_PRE ch=3 step=4 len=253 len_en=0 en=0
NRX4_POST ch=3 step=4 len=253 len_en=0 en=0
LEN_WRITE ch=4 step=4 len=61 len_en=0 en=0
NRX4_PRE ch=4 step=4 len=61 len_en=0 en=0
NRX4_POST ch=4 step=4 len=61 len_en=0 en=0
LEN_WRITE ch=1 step=4 len=60 len_en=0 en=0
NRX4_PRE ch=1 step=5 len=60 len_en=0 en=0
NRX4_POST ch=1 step=5 len=60 len_en=0 en=0
LEN_WRITE ch=2 step=5 len=60 len_en=0 en=0
NRX4_PRE ch=2 step=5 len=60 len_en=0 en=0
NRX4_POST ch=2 step=5 len=60 len_en=0 en=0
LEN_WRITE ch=3 step=5 len=252 len_en=0 en=0
NRX4_PRE ch=3 step=5 len=252 len_en=0 en=0
NRX4_POST ch=3 step=5 len=252 len_en=0 en=0
LEN_WRITE ch=4 step=5 len=60 len_en=0 en=0
NRX4_PRE ch=4 step=5 len=60 len_en=0 en=0
NRX4_POST ch=4 step=5 len=60 len_en=0 en=0
LEN_WRITE ch=1 step=5 len=59 len_en=0 en=0
NRX4_PRE ch=1 step=5 len=59 len_en=0 en=0
NRX4_POST ch=1 step=5 len=59 len_en=0 en=0
LEN_WRITE ch=2 step=5 len=59 len_en=0 en=0
NRX4_PRE ch=2 step=5 len=59 len_en=0 en=0
NRX4_POST ch=2 step=5 len=59 len_en=0 en=0
LEN_WRITE ch=3 step=5 len=251 len_en=0 en=0
NRX4_PRE ch=3 step=6 len=251 len_en=0 en=0
NRX4_POST ch=3 step=6 len=251 len_en=0 en=0
LEN_WRITE ch=4 step=6 len=59 len_en=0 en=0
NRX4_PRE ch=4 step=6 len=59 len_en=0 en=0
NRX4_POST ch=4 step=6 len=59 len_en=0 en=0
LEN_WRITE ch=1 step=6 len=58 len_en=0 en=0
NRX4_PRE ch=1 step=6 len=58 len_en=0 en=0
NRX4_POST ch=1 step=6 len=58 len_en=0 en=0
LEN_WRITE ch=2 step=6 len=58 len_en=0 en=0
NRX4_PRE ch=2 step=6 len=58 len_en=0 en=0
NRX4_POST ch=2 step=6 len=58 len_en=0 en=0
LEN_WRITE ch=3 step=6 len=250 len_en=0 en=0
NRX4_PRE ch=3 step=6 len=250 len_en=0 en=0
NRX4_POST ch=3 step=6 len=250 len_en=0 en=0
LEN_WRITE ch=4 step=6 len=58 len_en=0 en=0
NRX4_PRE ch=4 step=6 len=58 len_en=0 en=0
NRX4_POST ch=4 step=6 len=58 len_en=0 en=0
LEN_WRITE ch=1 step=7 len=57 len_en=0 en=0
NRX4_PRE ch=1 step=7 len=57 len_en=0 en=0
NRX4_POST ch=1 step=7 len=57 len_en=0 en=0
LEN_WRITE ch=2 step=7 len=57 len_en=0 en=0
NRX4_PRE ch=2 step=7 len=57 len_en=0 en=0
NRX4_POST ch=2 step=7 len=57 len_en=0 en=0
LEN_WRITE ch=3 step=7 len=249 len_en=0 en=0
NRX4_PRE ch=3 step=7 len=249 len_en=0 en=0
NRX4_POST ch=3 step=7 len=249 len_en=0 en=0
LEN_WRITE ch=4 step=7 len=57 len_en=0 en=0
NRX4_PRE ch=4 step=7 len=57 len_en=0 en=0
NRX4_POST ch=4 step=7 len=57 len_en=0 en=0
LEN_WRITE ch=1 step=0 len=56 len_en=0 en=0
NRX4_PRE ch=1 step=0 len=56 len_en=0 en=0
NRX4_POST ch=1 step=0 len=56 len_en=0 en=0
LEN_WRITE ch=2 step=0 len=56 len_en=0 en=0
NRX4_PRE ch=2 step=0 len=56 len_en=0 en=0
NRX4_POST ch=2 step=0 len=56 len_en=0 en=0
LEN_WRITE ch=3 step=0 len=248 len_en=0 en=0
NRX4_PRE ch=3 step=0 len=248 len_en=0 en=0
NRX4_POST ch=3 step=0 len=248 len_en=0 en=0
LEN_WRITE ch=4 step=0 len=56 len_en=0 en=0
NRX4_PRE ch=4 step=0 len=56 len_en=0 en=0
NRX4_POST ch=4 step=0 len=56 len_en=0 en=0
LEN_WRITE ch=1 step=0 len=55 len_en=0 en=0
NRX4_PRE ch=1 step=1 len=55 len_en=0 en=0
NRX4_POST ch=1 step=1 len=55 len_en=0 en=0
LEN_WRITE ch=2 step=1 len=55 len_en=0 en=0
NRX4_PRE ch=2 step=1 len=55 len_en=0 en=0
NRX4_POST ch=2 step=1 len=55 len_en=0 en=0
LEN_WRITE ch=3 step=1 len=247 len_en=0 en=0
NRX4_PRE ch=3 step=1 len=247 len_en=0 en=0
NRX4_POST ch=3 step=1 len=247 len_en=0 en=0
LEN_WRITE ch=4 step=1 len=55 len_en=0 en=0
NRX4_PRE ch=4 step=1 len=55 len_en=0 en=0
NRX4_POST ch=4 step=1 len=55 len_en=0 en=0
LEN_WRITE ch=1 step=1 len=54 len_en=0 en=0
NRX4_PRE ch=1 step=1 len=54 len_en=0 en=0
NRX4_POST ch=1 step=1 len=54 len_en=0 en=0
LEN_WRITE ch=2 step=1 len=54 len_en=0 en=0
NRX4_PRE ch=2 step=1 len=54 len_en=0 en=0
NRX4_POST ch=2 step=1 len=54 len_en=0 en=0
LEN_WRITE ch=3 step=1 len=246 len_en=0 en=0
NRX4_PRE ch=3 step=2 len=246 len_en=0 en=0
NRX4_POST ch=3 step=2 len=246 len_en=0 en=0
LEN_WRITE ch=4 step=2 len=54 len_en=0 en=0
NRX4_PRE ch=4 step=2 len=54 len_en=0 en=0
NRX4_POST ch=4 step=2 len=54 len_en=0 en=0
LEN_WRITE ch=1 step=2 len=53 len_en=0 en=0
NRX4_PRE ch=1 step=2 len=53 len_en=0 en=0
NRX4_POST ch=1 step=2 len=53 len_en=0 en=0
LEN_WRITE ch=2 step=2 len=53 len_en=0 en=0
NRX4_PRE ch=2 step=2 len=53 len_en=0 en=0
NRX4_POST ch=2 step=2 len=53 len_en=0 en=0
LEN_WRITE ch=3 step=2 len=245 len_en=0 en=0
NRX4_PRE ch=3 step=2 len=245 len_en=0 en=0
NRX4_POST ch=3 step=2 len=245 len_en=0 en=0
LEN_WRITE ch=4 step=2 len=53 len_en=0 en=0
NRX4_PRE ch=4 step=2 len=53 len_en=0 en=0
NRX4_POST ch=4 step=2 len=53 len_en=0 en=0
LEN_WRITE ch=1 step=3 len=52 len_en=0 en=0
NRX4_PRE ch=1 step=3 len=52 len_en=0 en=0
NRX4_POST ch=1 step=3 len=52 len_en=0 en=0
LEN_WRITE ch=2 step=3 len=52 len_en=0 en=0
NRX4_PRE ch=2 step=3 len=52 len_en=0 en=0
NRX4_POST ch=2 step=3 len=52 len_en=0 en=0
LEN_WRITE ch=3 step=3 len=244 len_en=0 en=0
NRX4_PRE ch=3 step=3 len=244 len_en=0 en=0
NRX4_POST ch=3 step=3 len=244 len_en=0 en=0
LEN_WRITE ch=4 step=3 len=52 len_en=0 en=0
NRX4_PRE ch=4 step=3 len=52 len_en=0 en=0
NRX4_POST ch=4 step=3 len=52 len_en=0 en=0
LEN_WRITE ch=1 step=4 len=51 len_en=0 en=0
NRX4_PRE ch=1 step=4 len=51 len_en=0 en=0
NRX4_POST ch=1 step=4 len=51 len_en=0 en=0
LEN_WRITE ch=2 step=4 len=51 len_en=0 en=0
NRX4_PRE ch=2 step=4 len=51 len_en=0 en=0
NRX4_POST ch=2 step=4 len=51 len_en=0 en=0
LEN_WRITE ch=3 step=4 len=243 len_en=0 en=0
NRX4_PRE ch=3 step=4 len=243 len_en=0 en=0
NRX4_POST ch=3 step=4 len=243 len_en=0 en=0
LEN_WRITE ch=4 step=4 len=51 len_en=0 en=0
NRX4_PRE ch=4 step=4 len=51 len_en=0 en=0
NRX4_POST ch=4 step=4 len=51 len_en=0 en=0
LEN_WRITE ch=1 step=5 len=50 len_en=0 en=0
NRX4_PRE ch=1 step=5 len=50 len_en=0 en=0
NRX4_POST ch=1 step=5 len=50 len_en=0 en=0
LEN_WRITE ch=2 step=5 len=50 len_en=0 en=0
NRX4_PRE ch=2 step=5 len=50 len_en=0 en=0
NRX4_POST ch=2 step=5 len=50 len_en=0 en=0
LEN_WRITE ch=3 step=5 len=242 len_en=0 en=0
NRX4_PRE ch=3 step=5 len=242 len_en=0 en=0
NRX4_POST ch=3 step=5 len=242 len_en=0 en=0
LEN_WRITE ch=4 step=5 len=50 len_en=0 en=0
NRX4_PRE ch=4 step=5 len=50 len_en=0 en=0
NRX4_POST ch=4 step=5 len=50 len_en=0 en=0
LEN_WRITE ch=1 step=5 len=49 len_en=0 en=0
NRX4_PRE ch=1 step=5 len=49 len_en=0 en=0
NRX4_POST ch=1 step=5 len=49 len_en=0 en=0
LEN_WRITE ch=2 step=5 len=49 len_en=0 en=0
NRX4_PRE ch=2 step=5 len=49 len_en=0 en=0
NRX4_POST ch=2 step=5 len=49 len_en=0 en=0
LEN_WRITE ch=3 step=5 len=241 len_en=0 en=0
NRX4_PRE ch=3 step=6 len=241 len_en=0 en=0
NRX4_POST ch=3 step=6 len=241 len_en=0 en=0
LEN_WRITE ch=4 step=6 len=49 len_en=0 en=0
NRX4_PRE ch=4 step=6 len=49 len_en=0 en=0
NRX4_POST ch=4 step=6 len=49 len_en=0 en=0
LEN_WRITE ch=1 step=6 len=48 len_en=0 en=0
NRX4_PRE ch=1 step=6 len=48 len_en=0 en=0
NRX4_POST ch=1 step=6 len=48 len_en=0 en=0
LEN_WRITE ch=2 step=6 len=48 len_en=0 en=0
NRX4_PRE ch=2 step=6 len=48 len_en=0 en=0
NRX4_POST ch=2 step=6 len=48 len_en=0 en=0
LEN_WRITE ch=3 step=6 len=240 len_en=0 en=0
NRX4_PRE ch=3 step=6 len=240 len_en=0 en=0
NRX4_POST ch=3 step=6 len=240 len_en=0 en=0
LEN_WRITE ch=4 step=6 len=48 len_en=0 en=0
NRX4_PRE ch=4 step=6 len=48 len_en=0 en=0
NRX4_POST ch=4 step=6 len=48 len_en=0 en=0
LEN_WRITE ch=1 step=7 len=47 len_en=0 en=0
NRX4_PRE ch=1 step=7 len=47 len_en=0 en=0
NRX4_POST ch=1 step=7 len=47 len_en=0 en=0
LEN_WRITE ch=2 step=7 len=47 len_en=0 en=0
NRX4_PRE ch=2 step=7 len=47 len_en=0 en=0
NRX4_POST ch=2 step=7 len=47 len_en=0 en=0
LEN_WRITE ch=3 step=7 len=239 len_en=0 en=0
NRX4_PRE ch=3 step=7 len=239 len_en=0 en=0
NRX4_POST ch=3 step=7 len=239 len_en=0 en=0
LEN_WRITE ch=4 step=7 len=47 len_en=0 en=0
NRX4_PRE ch=4 step=7 len=47 len_en=0 en=0
NRX4_POST ch=4 step=7 len=47 len_en=0 en=0
LEN_WRITE ch=1 step=0 len=46 len_en=0 en=0
NRX4_PRE ch=1 step=0 len=46 len_en=0 en=0
NRX4_POST ch=1 step=0 len=46 len_en=0 en=0
LEN_WRITE ch=2 step=0 len=46 len_en=0 en=0
NRX4_PRE ch=2 step=0 len=46 len_en=0 en=0
NRX4_POST ch=2 step=0 len=46 len_en=0 en=0
LEN_WRITE ch=3 step=0 len=238 len_en=0 en=0
NRX4_PRE ch=3 step=0 len=238 len_en=0 en=0
NRX4_POST ch=3 step=0 len=238 len_en=0 en=0
LEN_WRITE ch=4 step=0 len=46 len_en=0 en=0
NRX4_PRE ch=4 step=0 len=46 len_en=0 en=0
NRX4_POST ch=4 step=0 len=46 len_en=0 en=0
LEN_WRITE ch=1 step=1 len=45 len_en=0 en=0
NRX4_PRE ch=1 step=1 len=45 len_en=0 en=0
NRX4_POST ch=1 step=1 len=45 len_en=0 en=0
LEN_WRITE ch=2 step=1 len=45 len_en=0 en=0
NRX4_PRE ch=2 step=1 len=45 len_en=0 en=0
NRX4_POST ch=2 step=1 len=45 len_en=0 en=0
LEN_WRITE ch=3 step=1 len=237 len_en=0 en=0
NRX4_PRE ch=3 step=1 len=237 len_en=0 en=0
NRX4_POST ch=3 step=1 len=237 len_en=0 en=0
LEN_WRITE ch=4 step=1 len=45 len_en=0 en=0
NRX4_PRE ch=4 step=1 len=45 len_en=0 en=0
NRX4_POST ch=4 step=1 len=45 len_en=0 en=0
LEN_WRITE ch=1 step=1 len=44 len_en=0 en=0
NRX4_PRE ch=1 step=1 len=44 len_en=0 en=0
NRX4_POST ch=1 step=1 len=44 len_en=0 en=0
LEN_WRITE ch=2 step=1 len=44 len_en=0 en=0
NRX4_PRE ch=2 step=1 len=44 len_en=0 en=0
NRX4_POST ch=2 step=1 len=44 len_en=0 en=0
LEN_WRITE ch=3 step=1 len=236 len_en=0 en=0
NRX4_PRE ch=3 step=2 len=236 len_en=0 en=0
NRX4_POST ch=3 step=2 len=236 len_en=0 en=0
LEN_WRITE ch=4 step=2 len=44 len_en=0 en=0
NRX4_PRE ch=4 step=2 len=44 len_en=0 en=0
NRX4_POST ch=4 step=2 len=44 len_en=0 en=0
LEN_WRITE ch=1 step=2 len=43 len_en=0 en=0
NRX4_PRE ch=1 step=2 len=43 len_en=0 en=0
NRX4_POST ch=1 step=2 len=43 len_en=0 en=0
LEN_WRITE ch=2 step=2 len=43 len_en=0 en=0
NRX4_PRE ch=2 step=2 len=43 len_en=0 en=0
NRX4_POST ch=2 step=2 len=43 len_en=0 en=0
LEN_WRITE ch=3 step=2 len=235 len_en=0 en=0
NRX4_PRE ch=3 step=2 len=235 len_en=0 en=0
NRX4_POST ch=3 step=2 len=235 len_en=0 en=0
LEN_WRITE ch=4 step=2 len=43 len_en=0 en=0
NRX4_PRE ch=4 step=2 len=43 len_en=0 en=0
NRX4_POST ch=4 step=2 len=43 len_en=0 en=0
LEN_WRITE ch=1 step=3 len=42 len_en=0 en=0
NRX4_PRE ch=1 step=3 len=42 len_en=0 en=0
NRX4_POST ch=1 step=3 len=42 len_en=0 en=0
LEN_WRITE ch=2 step=3 len=42 len_en=0 en=0
NRX4_PRE ch=2 step=3 len=42 len_en=0 en=0
NRX4_POST ch=2 step=3 len=42 len_en=0 en=0
LEN_WRITE ch=3 step=3 len=234 len_en=0 en=0
NRX4_PRE ch=3 step=3 len=234 len_en=0 en=0
NRX4_POST ch=3 step=3 len=234 len_en=0 en=0
LEN_WRITE ch=4 step=3 len=42 len_en=0 en=0
NRX4_PRE ch=4 step=3 len=42 len_en=0 en=0
NRX4_POST ch=4 step=3 len=42 len_en=0 en=0
LEN_WRITE ch=1 step=4 len=41 len_en=0 en=0
NRX4_PRE ch=1 step=4 len=41 len_en=0 en=0
NRX4_POST ch=1 step=4 len=41 len_en=0 en=0
LEN_WRITE ch=2 step=4 len=41 len_en=0 en=0
NRX4_PRE ch=2 step=4 len=41 len_en=0 en=0
NRX4_POST ch=2 step=4 len=41 len_en=0 en=0
LEN_WRITE ch=3 step=4 len=233 len_en=0 en=0
NRX4_PRE ch=3 step=4 len=233 len_en=0 en=0
NRX4_POST ch=3 step=4 len=233 len_en=0 en=0
LEN_WRITE ch=4 step=4 len=41 len_en=0 en=0
NRX4_PRE ch=4 step=4 len=41 len_en=0 en=0
NRX4_POST ch=4 step=4 len=41 len_en=0 en=0
LEN_WRITE ch=1 step=5 len=40 len_en=0 en=0
NRX4_PRE ch=1 step=5 len=40 len_en=0 en=0
NRX4_POST ch=1 step=5 len=40 len_en=0 en=0
LEN_WRITE ch=2 step=5 len=40 len_en=0 en=0
NRX4_PRE ch=2 step=5 len=40 len_en=0 en=0
NRX4_POST ch=2 step=5 len=40 len_en=0 en=0
LEN_WRITE ch=3 step=5 len=232 len_en=0 en=0
NRX4_PRE ch=3 step=5 len=232 len_en=0 en=0
NRX4_POST ch=3 step=5 len=232 len_en=0 en=0
LEN_WRITE ch=4 step=5 len=40 len_en=0 en=0
NRX4_PRE ch=4 step=5 len=40 len_en=0 en=0
NRX4_POST ch=4 step=5 len=40 len_en=0 en=0
LEN_WRITE ch=1 step=5 len=39 len_en=0 en=0
NRX4_PRE ch=1 step=5 len=39 len_en=0 en=0
NRX4_POST ch=1 step=5 len=39 len_en=0 en=0
LEN_WRITE ch=2 step=5 len=39 len_en=0 en=0
NRX4_PRE ch=2 step=5 len=39 len_en=0 en=0
NRX4_POST ch=2 step=5 len=39 len_en=0 en=0
LEN_WRITE ch=3 step=5 len=231 len_en=0 en=0
NRX4_PRE ch=3 step=6 len=231 len_en=0 en=0
NRX4_POST ch=3 step=6 len=231 len_en=0 en=0
LEN_WRITE ch=4 step=6 len=39 len_en=0 en=0
NRX4_PRE ch=4 step=6 len=39 len_en=0 en=0
NRX4_POST ch=4 step=6 len=39 len_en=0 en=0
LEN_WRITE ch=1 step=6 len=38 len_en=0 en=0
NRX4_PRE ch=1 step=6 len=38 len_en=0 en=0
NRX4_POST ch=1 step=6 len=38 len_en=0 en=0
LEN_WRITE ch=2 step=6 len=38 len_en=0 en=0
NRX4_PRE ch=2 step=6 len=38 len_en=0 en=0
NRX4_POST ch=2 step=6 len=38 len_en=0 en=0
LEN_WRITE ch=3 step=6 len=230 len_en=0 en=0
NRX4_PRE ch=3 step=6 len=230 len_en=0 en=0
NRX4_POST ch=3 step=6 len=230 len_en=0 en=0
LEN_WRITE ch=4 step=6 len=38 len_en=0 en=0
NRX4_PRE ch=4 step=6 len=38 len_en=0 en=0
NRX4_POST ch=4 step=6 len=38 len_en=0 en=0
LEN_WRITE ch=1 step=7 len=37 len_en=0 en=0
NRX4_PRE ch=1 step=7 len=37 len_en=0 en=0
NRX4_POST ch=1 step=7 len=37 len_en=0 en=0
LEN_WRITE ch=2 step=7 len=37 len_en=0 en=0
NRX4_PRE ch=2 step=7 len=37 len_en=0 en=0
NRX4_POST ch=2 step=7 len=37 len_en=0 en=0
LEN_WRITE ch=3 step=7 len=229 len_en=0 en=0
NRX4_PRE ch=3 step=7 len=229 len_en=0 en=0
NRX4_POST ch=3 step=7 len=229 len_en=0 en=0
LEN_WRITE ch=4 step=7 len=37 len_en=0 en=0
NRX4_PRE ch=4 step=7 len=37 len_en=0 en=0
NRX4_POST ch=4 step=7 len=37 len_en=0 en=0
LEN_WRITE ch=1 step=0 len=36 len_en=0 en=0
NRX4_PRE ch=1 step=0 len=36 len_en=0 en=0
NRX4_POST ch=1 step=0 len=36 len_en=0 en=0
LEN_WRITE ch=2 step=0 len=36 len_en=0 en=0
NRX4_PRE ch=2 step=0 len=36 len_en=0 en=0
NRX4_POST ch=2 step=0 len=36 len_en=0 en=0
LEN_WRITE ch=3 step=0 len=228 len_en=0 en=0
NRX4_PRE ch=3 step=0 len=228 len_en=0 en=0
NRX4_POST ch=3 step=0 len=228 len_en=0 en=0
LEN_WRITE ch=4 step=0 len=36 len_en=0 en=0
NRX4_PRE ch=4 step=0 len=36 len_en=0 en=0
NRX4_POST ch=4 step=0 len=36 len_en=0 en=0
LEN_WRITE ch=1 step=1 len=35 len_en=0 en=0
NRX4_PRE ch=1 step=1 len=35 len_en=0 en=0
NRX4_POST ch=1 step=1 len=35 len_en=0 en=0
LEN_WRITE ch=2 step=1 len=35 len_en=0 en=0
NRX4_PRE ch=2 step=1 len=35 len_en=0 en=0
NRX4_POST ch=2 step=1 len=35 len_en=0 en=0
LEN_WRITE ch=3 step=1 len=227 len_en=0 en=0
NRX4_PRE ch=3 step=1 len=227 len_en=0 en=0
NRX4_POST ch=3 step=1 len=227 len_en=0 en=0
LEN_WRITE ch=4 step=1 len=35 len_en=0 en=0
NRX4_PRE ch=4 step=1 len=35 len_en=0 en=0
NRX4_POST ch=4 step=1 len=35 len_en=0 en=0
LEN_WRITE ch=1 step=1 len=34 len_en=0 en=0
NRX4_PRE ch=1 step=1 len=34 len_en=0 en=0
NRX4_POST ch=1 step=1 len=34 len_en=0 en=0
LEN_WRITE ch=2 step=1 len=34 len_en=0 en=0
NRX4_PRE ch=2 step=1 len=34 len_en=0 en=0
NRX4_POST ch=2 step=1 len=34 len_en=0 en=0
LEN_WRITE ch=3 step=2 len=226 len_en=0 en=0
NRX4_PRE ch=3 step=2 len=226 len_en=0 en=0
NRX4_POST ch=3 step=2 len=226 len_en=0 en=0
LEN_WRITE ch=4 step=2 len=34 len_en=0 en=0
NRX4_PRE ch=4 step=2 len=34 len_en=0 en=0
NRX4_POST ch=4 step=2 len=34 len_en=0 en=0
LEN_WRITE ch=1 step=2 len=33 len_en=0 en=0
NRX4_PRE ch=1 step=2 len=33 len_en=0 en=0
NRX4_POST ch=1 step=2 len=33 len_en=0 en=0
LEN_WRITE ch=2 step=2 len=33 len_en=0 en=0
NRX4_PRE ch=2 step=2 len=33 len_en=0 en=0
NRX4_POST ch=2 step=2 len=33 len_en=0 en=0
LEN_WRITE ch=3 step=2 len=225 len_en=0 en=0
NRX4_PRE ch=3 step=2 len=225 len_en=0 en=0
NRX4_POST ch=3 step=2 len=225 len_en=0 en=0
LEN_WRITE ch=4 step=2 len=33 len_en=0 en=0
NRX4_PRE ch=4 step=2 len=33 len_en=0 en=0
NRX4_POST ch=4 step=2 len=33 len_en=0 en=0
LEN_WRITE ch=1 step=3 len=32 len_en=0 en=0
NRX4_PRE ch=1 step=3 len=32 len_en=0 en=0
NRX4_POST ch=1 step=3 len=32 len_en=0 en=0
LEN_WRITE ch=2 step=3 len=32 len_en=0 en=0
NRX4_PRE ch=2 step=3 len=32 len_en=0 en=0
NRX4_POST ch=2 step=3 len=32 len_en=0 en=0
LEN_WRITE ch=3 step=3 len=224 len_en=0 en=0
NRX4_PRE ch=3 step=3 len=224 len_en=0 en=0
NRX4_POST ch=3 step=3 len=224 len_en=0 en=0
LEN_WRITE ch=4 step=3 len=32 len_en=0 en=0
NRX4_PRE ch=4 step=3 len=32 len_en=0 en=0
NRX4_POST ch=4 step=3 len=32 len_en=0 en=0
LEN_WRITE ch=1 step=4 len=31 len_en=0 en=0
NRX4_PRE ch=1 step=4 len=31 len_en=0 en=0
NRX4_POST ch=1 step=4 len=31 len_en=0 en=0
LEN_WRITE ch=2 step=4 len=31 len_en=0 en=0
NRX4_PRE ch=2 step=4 len=31 len_en=0 en=0
NRX4_POST ch=2 step=4 len=31 len_en=0 en=0
LEN_WRITE ch=3 step=4 len=223 len_en=0 en=0
NRX4_PRE ch=3 step=4 len=223 len_en=0 en=0
NRX4_POST ch=3 step=4 len=223 len_en=0 en=0
LEN_WRITE ch=4 step=4 len=31 len_en=0 en=0
NRX4_PRE ch=4 step=4 len=31 len_en=0 en=0
NRX4_POST ch=4 step=4 len=31 len_en=0 en=0
LEN_WRITE ch=1 step=5 len=30 len_en=0 en=0
NRX4_PRE ch=1 step=5 len=30 len_en=0 en=0
NRX4_POST ch=1 step=5 len=30 len_en=0 en=0
LEN_WRITE ch=2 step=5 len=30 len_en=0 en=0
NRX4_PRE ch=2 step=5 len=30 len_en=0 en=0
NRX4_POST ch=2 step=5 len=30 len_en=0 en=0
LEN_WRITE ch=3 step=5 len=222 len_en=0 en=0
NRX4_PRE ch=3 step=5 len=222 len_en=0 en=0
NRX4_POST ch=3 step=5 len=222 len_en=0 en=0
LEN_WRITE ch=4 step=5 len=30 len_en=0 en=0
NRX4_PRE ch=4 step=5 len=30 len_en=0 en=0
NRX4_POST ch=4 step=5 len=30 len_en=0 en=0
LEN_WRITE ch=1 step=5 len=29 len_en=0 en=0
NRX4_PRE ch=1 step=5 len=29 len_en=0 en=0
NRX4_POST ch=1 step=5 len=29 len_en=0 en=0
LEN_WRITE ch=2 step=5 len=29 len_en=0 en=0
NRX4_PRE ch=2 step=5 len=29 len_en=0 en=0
NRX4_POST ch=2 step=5 len=29 len_en=0 en=0
LEN_WRITE ch=3 step=6 len=221 len_en=0 en=0
NRX4_PRE ch=3 step=6 len=221 len_en=0 en=0
NRX4_POST ch=3 step=6 len=221 len_en=0 en=0
LEN_WRITE ch=4 step=6 len=29 len_en=0 en=0
NRX4_PRE ch=4 step=6 len=29 len_en=0 en=0
NRX4_POST ch=4 step=6 len=29 len_en=0 en=0
LEN_WRITE ch=1 step=6 len=28 len_en=0 en=0
NRX4_PRE ch=1 step=6 len=28 len_en=0 en=0
NRX4_POST ch=1 step=6 len=28 len_en=0 en=0
LEN_WRITE ch=2 step=6 len=28 len_en=0 en=0
NRX4_PRE ch=2 step=6 len=28 len_en=0 en=0
NRX4_POST ch=2 step=6 len=28 len_en=0 en=0
LEN_WRITE ch=3 step=6 len=220 len_en=0 en=0
NRX4_PRE ch=3 step=6 len=220 len_en=0 en=0
NRX4_POST ch=3 step=6 len=220 len_en=0 en=0
LEN_WRITE ch=4 step=6 len=28 len_en=0 en=0
NRX4_PRE ch=4 step=6 len=28 len_en=0 en=0
NRX4_POST ch=4 step=6 len=28 len_en=0 en=0
LEN_WRITE ch=1 step=7 len=27 len_en=0 en=0
NRX4_PRE ch=1 step=7 len=27 len_en=0 en=0
NRX4_POST ch=1 step=7 len=27 len_en=0 en=0
LEN_WRITE ch=2 step=7 len=27 len_en=0 en=0
NRX4_PRE ch=2 step=7 len=27 len_en=0 en=0
NRX4_POST ch=2 step=7 len=27 len_en=0 en=0
LEN_WRITE ch=3 step=7 len=219 len_en=0 en=0
NRX4_PRE ch=3 step=7 len=219 len_en=0 en=0
NRX4_POST ch=3 step=7 len=219 len_en=0 en=0
LEN_WRITE ch=4 step=7 len=27 len_en=0 en=0
NRX4_PRE ch=4 step=7 len=27 len_en=0 en=0
NRX4_POST ch=4 step=7 len=27 len_en=0 en=0
LEN_WRITE ch=1 step=0 len=26 len_en=0 en=0
NRX4_PRE ch=1 step=0 len=26 len_en=0 en=0
NRX4_POST ch=1 step=0 len=26 len_en=0 en=0
LEN_WRITE ch=2 step=0 len=26 len_en=0 en=0
NRX4_PRE ch=2 step=0 len=26 len_en=0 en=0
NRX4_POST ch=2 step=0 len=26 len_en=0 en=0
LEN_WRITE ch=3 step=0 len=218 len_en=0 en=0
NRX4_PRE ch=3 step=0 len=218 len_en=0 en=0
NRX4_POST ch=3 step=0 len=218 len_en=0 en=0
LEN_WRITE ch=4 step=0 len=26 len_en=0 en=0
NRX4_PRE ch=4 step=0 len=26 len_en=0 en=0
NRX4_POST ch=4 step=0 len=26 len_en=0 en=0
LEN_WRITE ch=1 step=1 len=25 len_en=0 en=0
NRX4_PRE ch=1 step=1 len=25 len_en=0 en=0
NRX4_POST ch=1 step=1 len=25 len_en=0 en=0
LEN_WRITE ch=2 step=1 len=25 len_en=0 en=0
NRX4_PRE ch=2 step=1 len=25 len_en=0 en=0
NRX4_POST ch=2 step=1 len=25 len_en=0 en=0
LEN_WRITE ch=3 step=1 len=217 len_en=0 en=0
NRX4_PRE ch=3 step=1 len=217 len_en=0 en=0
NRX4_POST ch=3 step=1 len=217 len_en=0 en=0
LEN_WRITE ch=4 step=1 len=25 len_en=0 en=0
NRX4_PRE ch=4 step=1 len=25 len_en=0 en=0
NRX4_POST ch=4 step=1 len=25 len_en=0 en=0
LEN_WRITE ch=1 step=1 len=24 len_en=0 en=0
NRX4_PRE ch=1 step=1 len=24 len_en=0 en=0
NRX4_POST ch=1 step=1 len=24 len_en=0 en=0
LEN_WRITE ch=2 step=1 len=24 len_en=0 en=0
NRX4_PRE ch=2 step=1 len=24 len_en=0 en=0
NRX4_POST ch=2 step=1 len=24 len_en=0 en=0
LEN_WRITE ch=3 step=2 len=216 len_en=0 en=0
NRX4_PRE ch=3 step=2 len=216 len_en=0 en=0
NRX4_POST ch=3 step=2 len=216 len_en=0 en=0
LEN_WRITE ch=4 step=2 len=24 len_en=0 en=0
NRX4_PRE ch=4 step=2 len=24 len_en=0 en=0
NRX4_POST ch=4 step=2 len=24 len_en=0 en=0
LEN_WRITE ch=1 step=2 len=23 len_en=0 en=0
NRX4_PRE ch=1 step=2 len=23 len_en=0 en=0
NRX4_POST ch=1 step=2 len=23 len_en=0 en=0
LEN_WRITE ch=2 step=2 len=23 len_en=0 en=0
NRX4_PRE ch=2 step=2 len=23 len_en=0 en=0
NRX4_POST ch=2 step=2 len=23 len_en=0 en=0
LEN_WRITE ch=3 step=2 len=215 len_en=0 en=0
NRX4_PRE ch=3 step=2 len=215 len_en=0 en=0
NRX4_POST ch=3 step=2 len=215 len_en=0 en=0
LEN_WRITE ch=4 step=2 len=23 len_en=0 en=0
NRX4_PRE ch=4 step=2 len=23 len_en=0 en=0
NRX4_POST ch=4 step=2 len=23 len_en=0 en=0
LEN_WRITE ch=1 step=3 len=22 len_en=0 en=0
NRX4_PRE ch=1 step=3 len=22 len_en=0 en=0
NRX4_POST ch=1 step=3 len=22 len_en=0 en=0
LEN_WRITE ch=2 step=3 len=22 len_en=0 en=0
NRX4_PRE ch=2 step=3 len=22 len_en=0 en=0
NRX4_POST ch=2 step=3 len=22 len_en=0 en=0
LEN_WRITE ch=3 step=3 len=214 len_en=0 en=0
NRX4_PRE ch=3 step=3 len=214 len_en=0 en=0
NRX4_POST ch=3 step=3 len=214 len_en=0 en=0
LEN_WRITE ch=4 step=3 len=22 len_en=0 en=0
NRX4_PRE ch=4 step=3 len=22 len_en=0 en=0
NRX4_POST ch=4 step=3 len=22 len_en=0 en=0
LEN_WRITE ch=1 step=4 len=21 len_en=0 en=0
NRX4_PRE ch=1 step=4 len=21 len_en=0 en=0
NRX4_POST ch=1 step=4 len=21 len_en=0 en=0
LEN_WRITE ch=2 step=4 len=21 len_en=0 en=0
NRX4_PRE ch=2 step=4 len=21 len_en=0 en=0
NRX4_POST ch=2 step=4 len=21 len_en=0 en=0
LEN_WRITE ch=3 step=4 len=213 len_en=0 en=0
NRX4_PRE ch=3 step=4 len=213 len_en=0 en=0
NRX4_POST ch=3 step=4 len=213 len_en=0 en=0
LEN_WRITE ch=4 step=4 len=21 len_en=0 en=0
NRX4_PRE ch=4 step=4 len=21 len_en=0 en=0
NRX4_POST ch=4 step=4 len=21 len_en=0 en=0
LEN_WRITE ch=1 step=5 len=20 len_en=0 en=0
NRX4_PRE ch=1 step=5 len=20 len_en=0 en=0
NRX4_POST ch=1 step=5 len=20 len_en=0 en=0
LEN_WRITE ch=2 step=5 len=20 len_en=0 en=0
NRX4_PRE ch=2 step=5 len=20 len_en=0 en=0
NRX4_POST ch=2 step=5 len=20 len_en=0 en=0
LEN_WRITE ch=3 step=5 len=212 len_en=0 en=0
NRX4_PRE ch=3 step=5 len=212 len_en=0 en=0
NRX4_POST ch=3 step=5 len=212 len_en=0 en=0
LEN_WRITE ch=4 step=5 len=20 len_en=0 en=0
NRX4_PRE ch=4 step=5 len=20 len_en=0 en=0
NRX4_POST ch=4 step=5 len=20 len_en=0 en=0
LEN_WRITE ch=1 step=5 len=19 len_en=0 en=0
NRX4_PRE ch=1 step=5 len=19 len_en=0 en=0
NRX4_POST ch=1 step=5 len=19 len_en=0 en=0
LEN_WRITE ch=2 step=5 len=19 len_en=0 en=0
NRX4_PRE ch=2 step=5 len=19 len_en=0 en=0
NRX4_POST ch=2 step=5 len=19 len_en=0 en=0
LEN_WRITE ch=3 step=6 len=211 len_en=0 en=0
NRX4_PRE ch=3 step=6 len=211 len_en=0 en=0
NRX4_POST ch=3 step=6 len=211 len_en=0 en=0
LEN_WRITE ch=4 step=6 len=19 len_en=0 en=0
NRX4_PRE ch=4 step=6 len=19 len_en=0 en=0
NRX4_POST ch=4 step=6 len=19 len_en=0 en=0
LEN_WRITE ch=1 step=6 len=18 len_en=0 en=0
NRX4_PRE ch=1 step=6 len=18 len_en=0 en=0
NRX4_POST ch=1 step=6 len=18 len_en=0 en=0
LEN_WRITE ch=2 step=6 len=18 len_en=0 en=0
NRX4_PRE ch=2 step=6 len=18 len_en=0 en=0
NRX4_POST ch=2 step=6 len=18 len_en=0 en=0
LEN_WRITE ch=3 step=6 len=210 len_en=0 en=0
NRX4_PRE ch=3 step=6 len=210 len_en=0 en=0
NRX4_POST ch=3 step=6 len=210 len_en=0 en=0
LEN_WRITE ch=4 step=6 len=18 len_en=0 en=0
NRX4_PRE ch=4 step=6 len=18 len_en=0 en=0
NRX4_POST ch=4 step=6 len=18 len_en=0 en=0
LEN_WRITE ch=1 step=7 len=17 len_en=0 en=0
NRX4_PRE ch=1 step=7 len=17 len_en=0 en=0
NRX4_POST ch=1 step=7 len=17 len_en=0 en=0
LEN_WRITE ch=2 step=7 len=17 len_en=0 en=0
NRX4_PRE ch=2 step=7 len=17 len_en=0 en=0
NRX4_POST ch=2 step=7 len=17 len_en=0 en=0
LEN_WRITE ch=3 step=7 len=209 len_en=0 en=0
NRX4_PRE ch=3 step=7 len=209 len_en=0 en=0
NRX4_POST ch=3 step=7 len=209 len_en=0 en=0
LEN_WRITE ch=4 step=7 len=17 len_en=0 en=0
NRX4_PRE ch=4 step=7 len=17 len_en=0 en=0
NRX4_POST ch=4 step=7 len=17 len_en=0 en=0
LEN_WRITE ch=1 step=0 len=16 len_en=0 en=0
NRX4_PRE ch=1 step=0 len=16 len_en=0 en=0
NRX4_POST ch=1 step=0 len=16 len_en=0 en=0
LEN_WRITE ch=2 step=0 len=16 len_en=0 en=0
NRX4_PRE ch=2 step=0 len=16 len_en=0 en=0
NRX4_POST ch=2 step=0 len=16 len_en=0 en=0
LEN_WRITE ch=3 step=0 len=208 len_en=0 en=0
NRX4_PRE ch=3 step=0 len=208 len_en=0 en=0
NRX4_POST ch=3 step=0 len=208 len_en=0 en=0
LEN_WRITE ch=4 step=0 len=16 len_en=0 en=0
NRX4_PRE ch=4 step=0 len=16 len_en=0 en=0
NRX4_POST ch=4 step=0 len=16 len_en=0 en=0
LEN_WRITE ch=1 step=1 len=15 len_en=0 en=0
NRX4_PRE ch=1 step=1 len=15 len_en=0 en=0
NRX4_POST ch=1 step=1 len=15 len_en=0 en=0
LEN_WRITE ch=2 step=1 len=15 len_en=0 en=0
NRX4_PRE ch=2 step=1 len=15 len_en=0 en=0
NRX4_POST ch=2 step=1 len=15 len_en=0 en=0
LEN_WRITE ch=3 step=1 len=207 len_en=0 en=0
NRX4_PRE ch=3 step=1 len=207 len_en=0 en=0
NRX4_POST ch=3 step=1 len=207 len_en=0 en=0
LEN_WRITE ch=4 step=1 len=15 len_en=0 en=0
NRX4_PRE ch=4 step=1 len=15 len_en=0 en=0
NRX4_POST ch=4 step=1 len=15 len_en=0 en=0
LEN_WRITE ch=1 step=1 len=14 len_en=0 en=0
NRX4_PRE ch=1 step=1 len=14 len_en=0 en=0
NRX4_POST ch=1 step=1 len=14 len_en=0 en=0
LEN_WRITE ch=2 step=1 len=14 len_en=0 en=0
NRX4_PRE ch=2 step=2 len=14 len_en=0 en=0
NRX4_POST ch=2 step=2 len=14 len_en=0 en=0
LEN_WRITE ch=3 step=2 len=206 len_en=0 en=0
NRX4_PRE ch=3 step=2 len=206 len_en=0 en=0
NRX4_POST ch=3 step=2 len=206 len_en=0 en=0
LEN_WRITE ch=4 step=2 len=14 len_en=0 en=0
NRX4_PRE ch=4 step=2 len=14 len_en=0 en=0
NRX4_POST ch=4 step=2 len=14 len_en=0 en=0
LEN_WRITE ch=1 step=2 len=13 len_en=0 en=0
NRX4_PRE ch=1 step=2 len=13 len_en=0 en=0
NRX4_POST ch=1 step=2 len=13 len_en=0 en=0
LEN_WRITE ch=2 step=2 len=13 len_en=0 en=0
NRX4_PRE ch=2 step=2 len=13 len_en=0 en=0
NRX4_POST ch=2 step=2 len=13 len_en=0 en=0
LEN_WRITE ch=3 step=2 len=205 len_en=0 en=0
NRX4_PRE ch=3 step=2 len=205 len_en=0 en=0
NRX4_POST ch=3 step=2 len=205 len_en=0 en=0
LEN_WRITE ch=4 step=2 len=13 len_en=0 en=0
NRX4_PRE ch=4 step=2 len=13 len_en=0 en=0
NRX4_POST ch=4 step=2 len=13 len_en=0 en=0
LEN_WRITE ch=1 step=3 len=12 len_en=0 en=0
NRX4_PRE ch=1 step=3 len=12 len_en=0 en=0
NRX4_POST ch=1 step=3 len=12 len_en=0 en=0
LEN_WRITE ch=2 step=3 len=12 len_en=0 en=0
NRX4_PRE ch=2 step=3 len=12 len_en=0 en=0
NRX4_POST ch=2 step=3 len=12 len_en=0 en=0
LEN_WRITE ch=3 step=3 len=204 len_en=0 en=0
NRX4_PRE ch=3 step=3 len=204 len_en=0 en=0
NRX4_POST ch=3 step=3 len=204 len_en=0 en=0
LEN_WRITE ch=4 step=3 len=12 len_en=0 en=0
NRX4_PRE ch=4 step=3 len=12 len_en=0 en=0
NRX4_POST ch=4 step=3 len=12 len_en=0 en=0
LEN_WRITE ch=1 step=4 len=11 len_en=0 en=0
NRX4_PRE ch=1 step=4 len=11 len_en=0 en=0
NRX4_POST ch=1 step=4 len=11 len_en=0 en=0
LEN_WRITE ch=2 step=4 len=11 len_en=0 en=0
NRX4_PRE ch=2 step=4 len=11 len_en=0 en=0
NRX4_POST ch=2 step=4 len=11 len_en=0 en=0
LEN_WRITE ch=3 step=4 len=203 len_en=0 en=0
NRX4_PRE ch=3 step=4 len=203 len_en=0 en=0
NRX4_POST ch=3 step=4 len=203 len_en=0 en=0
LEN_WRITE ch=4 step=4 len=11 len_en=0 en=0
NRX4_PRE ch=4 step=4 len=11 len_en=0 en=0
NRX4_POST ch=4 step=4 len=11 len_en=0 en=0
LEN_WRITE ch=1 step=5 len=10 len_en=0 en=0
NRX4_PRE ch=1 step=5 len=10 len_en=0 en=0
NRX4_POST ch=1 step=5 len=10 len_en=0 en=0
LEN_WRITE ch=2 step=5 len=10 len_en=0 en=0
NRX4_PRE ch=2 step=5 len=10 len_en=0 en=0
NRX4_POST ch=2 step=5 len=10 len_en=0 en=0
LEN_WRITE ch=3 step=5 len=202 len_en=0 en=0
NRX4_PRE ch=3 step=5 len=202 len_en=0 en=0
NRX4_POST ch=3 step=5 len=202 len_en=0 en=0
LEN_WRITE ch=4 step=5 len=10 len_en=0 en=0
NRX4_PRE ch=4 step=5 len=10 len_en=0 en=0
NRX4_POST ch=4 step=5 len=10 len_en=0 en=0
LEN_WRITE ch=1 step=5 len=9 len_en=0 en=0
NRX4_PRE ch=1 step=5 len=9 len_en=0 en=0
NRX4_POST ch=1 step=5 len=9 len_en=0 en=0
LEN_WRITE ch=2 step=5 len=9 len_en=0 en=0
NRX4_PRE ch=2 step=6 len=9 len_en=0 en=0
NRX4_POST ch=2 step=6 len=9 len_en=0 en=0
LEN_WRITE ch=3 step=6 len=201 len_en=0 en=0
NRX4_PRE ch=3 step=6 len=201 len_en=0 en=0
NRX4_POST ch=3 step=6 len=201 len_en=0 en=0
LEN_WRITE ch=4 step=6 len=9 len_en=0 en=0
NRX4_PRE ch=4 step=6 len=9 len_en=0 en=0
NRX4_POST ch=4 step=6 len=9 len_en=0 en=0
LEN_WRITE ch=1 step=6 len=8 len_en=0 en=0
NRX4_PRE ch=1 step=6 len=8 len_en=0 en=0
NRX4_POST ch=1 step=6 len=8 len_en=0 en=0
LEN_WRITE ch=2 step=6 len=8 len_en=0 en=0
NRX4_PRE ch=2 step=6 len=8 len_en=0 en=0
NRX4_POST ch=2 step=6 len=8 len_en=0 en=0
LEN_WRITE ch=3 step=6 len=200 len_en=0 en=0
NRX4_PRE ch=3 step=6 len=200 len_en=0 en=0
NRX4_POST ch=3 step=6 len=200 len_en=0 en=0
LEN_WRITE ch=4 step=6 len=8 len_en=0 en=0
NRX4_PRE ch=4 step=6 len=8 len_en=0 en=0
NRX4_POST ch=4 step=6 len=8 len_en=0 en=0
LEN_WRITE ch=1 step=7 len=7 len_en=0 en=0
NRX4_PRE ch=1 step=7 len=7 len_en=0 en=0
NRX4_POST ch=1 step=7 len=7 len_en=0 en=0
LEN_WRITE ch=2 step=7 len=7 len_en=0 en=0
NRX4_PRE ch=2 step=7 len=7 len_en=0 en=0
NRX4_POST ch=2 step=7 len=7 len_en=0 en=0
LEN_WRITE ch=3 step=7 len=199 len_en=0 en=0
NRX4_PRE ch=3 step=7 len=199 len_en=0 en=0
NRX4_POST ch=3 step=7 len=199 len_en=0 en=0
LEN_WRITE ch=4 step=7 len=7 len_en=0 en=0
NRX4_PRE ch=4 step=7 len=7 len_en=0 en=0
NRX4_POST ch=4 step=7 len=7 len_en=0 en=0
LEN_WRITE ch=1 step=0 len=6 len_en=0 en=0
NRX4_PRE ch=1 step=0 len=6 len_en=0 en=0
NRX4_POST ch=1 step=0 len=6 len_en=0 en=0
LEN_WRITE ch=2 step=0 len=6 len_en=0 en=0
NRX4_PRE ch=2 step=0 len=6 len_en=0 en=0
NRX4_POST ch=2 step=0 len=6 len_en=0 en=0
LEN_WRITE ch=3 step=0 len=198 len_en=0 en=0
NRX4_PRE ch=3 step=0 len=198 len_en=0 en=0
NRX4_POST ch=3 step=0 len=198 len_en=0 en=0
LEN_WRITE ch=4 step=0 len=6 len_en=0 en=0
NRX4_PRE ch=4 step=0 len=6 len_en=0 en=0
NRX4_POST ch=4 step=0 len=6 len_en=0 en=0
LEN_WRITE ch=1 step=1 len=5 len_en=0 en=0
NRX4_PRE ch=1 step=1 len=5 len_en=0 en=0
NRX4_POST ch=1 step=1 len=5 len_en=0 en=0
LEN_WRITE ch=2 step=1 len=5 len_en=0 en=0
NRX4_PRE ch=2 step=1 len=5 len_en=0 en=0
NRX4_POST ch=2 step=1 len=5 len_en=0 en=0
LEN_WRITE ch=3 step=1 len=197 len_en=0 en=0
NRX4_PRE ch=3 step=1 len=197 len_en=0 en=0
NRX4_POST ch=3 step=1 len=197 len_en=0 en=0
LEN_WRITE ch=4 step=1 len=5 len_en=0 en=0
NRX4_PRE ch=4 step=1 len=5 len_en=0 en=0
NRX4_POST ch=4 step=1 len=5 len_en=0 en=0
LEN_WRITE ch=1 step=1 len=4 len_en=0 en=0
NRX4_PRE ch=1 step=1 len=4 len_en=0 en=0
NRX4_POST ch=1 step=1 len=4 len_en=0 en=0
LEN_WRITE ch=2 step=1 len=4 len_en=0 en=0
NRX4_PRE ch=2 step=2 len=4 len_en=0 en=0
NRX4_POST ch=2 step=2 len=4 len_en=0 en=0
LEN_WRITE ch=3 step=2 len=196 len_en=0 en=0
NRX4_PRE ch=3 step=2 len=196 len_en=0 en=0
NRX4_POST ch=3 step=2 len=196 len_en=0 en=0
LEN_WRITE ch=4 step=2 len=4 len_en=0 en=0
NRX4_PRE ch=4 step=2 len=4 len_en=0 en=0
NRX4_POST ch=4 step=2 len=4 len_en=0 en=0
LEN_WRITE ch=1 step=2 len=3 len_en=0 en=0
NRX4_PRE ch=1 step=2 len=3 len_en=0 en=0
NRX4_POST ch=1 step=2 len=3 len_en=0 en=0
LEN_WRITE ch=2 step=2 len=3 len_en=0 en=0
NRX4_PRE ch=2 step=2 len=3 len_en=0 en=0
NRX4_POST ch=2 step=2 len=3 len_en=0 en=0
LEN_WRITE ch=3 step=2 len=195 len_en=0 en=0
NRX4_PRE ch=3 step=2 len=195 len_en=0 en=0
NRX4_POST ch=3 step=2 len=195 len_en=0 en=0
LEN_WRITE ch=4 step=2 len=3 len_en=0 en=0
NRX4_PRE ch=4 step=2 len=3 len_en=0 en=0
NRX4_POST ch=4 step=2 len=3 len_en=0 en=0
LEN_WRITE ch=1 step=3 len=2 len_en=0 en=0
NRX4_PRE ch=1 step=3 len=2 len_en=0 en=0
NRX4_POST ch=1 step=3 len=2 len_en=0 en=0
LEN_WRITE ch=2 step=3 len=2 len_en=0 en=0
NRX4_PRE ch=2 step=3 len=2 len_en=0 en=0
NRX4_POST ch=2 step=3 len=2 len_en=0 en=0
LEN_WRITE ch=3 step=3 len=194 len_en=0 en=0
NRX4_PRE ch=3 step=3 len=194 len_en=0 en=0
NRX4_POST ch=3 step=3 len=194 len_en=0 en=0
LEN_WRITE ch=4 step=3 len=2 len_en=0 en=0
NRX4_PRE ch=4 step=3 len=2 len_en=0 en=0
NRX4_POST ch=4 step=3 len=2 len_en=0 en=0
LEN_WRITE ch=1 step=4 len=1 len_en=0 en=0
NRX4_PRE ch=1 step=4 len=1 len_en=0 en=0
NRX4_POST ch=1 step=4 len=1 len_en=0 en=0
LEN_WRITE ch=2 step=4 len=1 len_en=0 en=0
NRX4_PRE ch=2 step=4 len=1 len_en=0 en=0
NRX4_POST ch=2 step=4 len=1 len_en=0 en=0
LEN_WRITE ch=3 step=4 len=193 len_en=0 en=0
NRX4_PRE ch=3 step=4 len=193 len_en=0 en=0
NRX4_POST ch=3 step=4 len=193 len_en=0 en=0
LEN_WRITE ch=4 step=4 len=1 len_en=0 en=0
NRX4_PRE ch=4 step=4 len=1 len_en=0 en=0
NRX4_POST ch=4 step=4 len=1 len_en=0 en=0
LEN_WRITE ch=1 step=5 len=64 len_en=0 en=0
NRX4_PRE ch=1 step=5 len=64 len_en=1 en=0
NRX4_POST ch=1 step=5 len=64 len_en=1 en=0
LEN_WRITE ch=2 step=5 len=64 len_en=0 en=0
NRX4_PRE ch=2 step=5 len=64 len_en=1 en=0
NRX4_POST ch=2 step=5 len=64 len_en=1 en=0
LEN_WRITE ch=3 step=5 len=192 len_en=0 en=0
NRX4_PRE ch=3 step=5 len=192 len_en=1 en=0
NRX4_POST ch=3 step=5 len=192 len_en=1 en=0
LEN_WRITE ch=4 step=5 len=64 len_en=0 en=0
NRX4_PRE ch=4 step=5 len=64 len_en=1 en=0
NRX4_POST ch=4 step=5 len=64 len_en=1 en=0
LEN_WRITE ch=1 step=5 len=63 len_en=1 en=0
NRX4_PRE ch=1 step=5 len=63 len_en=1 en=0
NRX4_POST ch=1 step=5 len=63 len_en=1 en=0
LEN_WRITE ch=2 step=5 len=63 len_en=1 en=0
LEN_CLK ch=1 step=6 len=62 len_en=1 en=0
LEN_CLK ch=2 step=6 len=62 len_en=1 en=0
LEN_CLK ch=3 step=6 len=191 len_en=1 en=0
LEN_CLK ch=4 step=6 len=63 len_en=1 en=0
NRX4_PRE ch=2 step=6 len=62 len_en=1 en=0
NRX4_POST ch=2 step=6 len=62 len_en=1 en=0
LEN_WRITE ch=3 step=6 len=191 len_en=1 en=0
NRX4_PRE ch=3 step=6 len=191 len_en=1 en=0
NRX4_POST ch=3 step=6 len=191 len_en=1 en=0
LEN_WRITE ch=4 step=6 len=63 len_en=1 en=0
NRX4_PRE ch=4 step=6 len=63 len_en=1 en=0
NRX4_POST ch=4 step=6 len=63 len_en=1 en=0
LEN_WRITE ch=1 step=6 len=62 len_en=1 en=0
NRX4_PRE ch=1 step=6 len=62 len_en=1 en=0
NRX4_POST ch=1 step=6 len=62 len_en=1 en=0
LEN_WRITE ch=2 step=6 len=62 len_en=1 en=0
NRX4_PRE ch=2 step=6 len=62 len_en=1 en=0
NRX4_POST ch=2 step=6 len=62 len_en=1 en=0
LEN_WRITE ch=3 step=6 len=190 len_en=1 en=0
NRX4_PRE ch=3 step=6 len=190 len_en=1 en=0
NRX4_POST ch=3 step=6 len=190 len_en=1 en=0
LEN_WRITE ch=4 step=6 len=62 len_en=1 en=0
NRX4_PRE ch=4 step=6 len=62 len_en=1 en=0
NRX4_POST ch=4 step=6 len=62 len_en=1 en=0
LEN_WRITE ch=1 step=7 len=61 len_en=1 en=0
NRX4_PRE ch=1 step=7 len=61 len_en=1 en=0
NRX4_POST ch=1 step=7 len=61 len_en=1 en=0
LEN_WRITE ch=2 step=7 len=61 len_en=1 en=0
NRX4_PRE ch=2 step=7 len=61 len_en=1 en=0
NRX4_POST ch=2 step=7 len=61 len_en=1 en=0
LEN_WRITE ch=3 step=7 len=189 len_en=1 en=0
NRX4_PRE ch=3 step=7 len=189 len_en=1 en=0
NRX4_POST ch=3 step=7 len=189 len_en=1 en=0
LEN_WRITE ch=4 step=7 len=61 len_en=1 en=0
NRX4_PRE ch=4 step=7 len=61 len_en=1 en=0
NRX4_POST ch=4 step=7 len=61 len_en=1 en=0
LEN_CLK ch=1 step=0 len=60 len_en=1 en=0
LEN_CLK ch=2 step=0 len=60 len_en=1 en=0
LEN_CLK ch=3 step=0 len=188 len_en=1 en=0
LEN_CLK ch=4 step=0 len=60 len_en=1 en=0
LEN_WRITE ch=1 step=0 len=60 len_en=1 en=0
NRX4_PRE ch=1 step=0 len=60 len_en=1 en=0
NRX4_POST ch=1 step=0 len=60 len_en=1 en=0
LEN_WRITE ch=2 step=0 len=60 len_en=1 en=0
NRX4_PRE ch=2 step=0 len=60 len_en=1 en=0
NRX4_POST ch=2 step=0 len=60 len_en=1 en=0
LEN_WRITE ch=3 step=0 len=188 len_en=1 en=0
NRX4_PRE ch=3 step=0 len=188 len_en=1 en=0
NRX4_POST ch=3 step=0 len=188 len_en=1 en=0
LEN_WRITE ch=4 step=0 len=60 len_en=1 en=0
NRX4_PRE ch=4 step=0 len=60 len_en=1 en=0
NRX4_POST ch=4 step=0 len=60 len_en=1 en=0
LEN_WRITE ch=1 step=1 len=59 len_en=1 en=0
NRX4_PRE ch=1 step=1 len=59 len_en=1 en=0
NRX4_POST ch=1 step=1 len=59 len_en=1 en=0
LEN_WRITE ch=2 step=1 len=59 len_en=1 en=0
NRX4_PRE ch=2 step=1 len=59 len_en=1 en=0
NRX4_POST ch=2 step=1 len=59 len_en=1 en=0
LEN_WRITE ch=3 step=1 len=187 len_en=1 en=0
NRX4_PRE ch=3 step=1 len=187 len_en=1 en=0
NRX4_POST ch=3 step=1 len=187 len_en=1 en=0
LEN_WRITE ch=4 step=1 len=59 len_en=1 en=0
NRX4_PRE ch=4 step=1 len=59 len_en=1 en=0
NRX4_POST ch=4 step=1 len=59 len_en=1 en=0
LEN_WRITE ch=1 step=1 len=58 len_en=1 en=0
NRX4_PRE ch=1 step=1 len=58 len_en=1 en=0
NRX4_POST ch=1 step=1 len=58 len_en=1 en=0
LEN_WRITE ch=2 step=1 len=58 len_en=1 en=0
LEN_CLK ch=1 step=2 len=57 len_en=1 en=0
LEN_CLK ch=2 step=2 len=57 len_en=1 en=0
LEN_CLK ch=3 step=2 len=186 len_en=1 en=0
LEN_CLK ch=4 step=2 len=58 len_en=1 en=0
NRX4_PRE ch=2 step=2 len=57 len_en=1 en=0
NRX4_POST ch=2 step=2 len=57 len_en=1 en=0
LEN_WRITE ch=3 step=2 len=186 len_en=1 en=0
NRX4_PRE ch=3 step=2 len=186 len_en=1 en=0
NRX4_POST ch=3 step=2 len=186 len_en=1 en=0
LEN_WRITE ch=4 step=2 len=58 len_en=1 en=0
NRX4_PRE ch=4 step=2 len=58 len_en=1 en=0
NRX4_POST ch=4 step=2 len=58 len_en=1 en=0
LEN_WRITE ch=1 step=2 len=57 len_en=1 en=0
NRX4_PRE ch=1 step=2 len=57 len_en=1 en=0
NRX4_POST ch=1 step=2 len=57 len_en=1 en=0
LEN_WRITE ch=2 step=2 len=57 len_en=1 en=0
NRX4_PRE ch=2 step=2 len=57 len_en=1 en=0
NRX4_POST ch=2 step=2 len=57 len_en=1 en=0
LEN_WRITE ch=3 step=2 len=185 len_en=1 en=0
NRX4_PRE ch=3 step=2 len=185 len_en=1 en=0
NRX4_POST ch=3 step=2 len=185 len_en=1 en=0
LEN_WRITE ch=4 step=2 len=57 len_en=1 en=0
NRX4_PRE ch=4 step=3 len=57 len_en=1 en=0
NRX4_POST ch=4 step=3 len=57 len_en=1 en=0
LEN_WRITE ch=1 step=3 len=56 len_en=1 en=0
NRX4_PRE ch=1 step=3 len=56 len_en=1 en=0
NRX4_POST ch=1 step=3 len=56 len_en=1 en=0
LEN_WRITE ch=2 step=3 len=56 len_en=1 en=0
NRX4_PRE ch=2 step=3 len=56 len_en=1 en=0
NRX4_POST ch=2 step=3 len=56 len_en=1 en=0
LEN_WRITE ch=3 step=3 len=184 len_en=1 en=0
NRX4_PRE ch=3 step=3 len=184 len_en=1 en=0
NRX4_POST ch=3 step=3 len=184 len_en=1 en=0
LEN_WRITE ch=4 step=3 len=56 len_en=1 en=0
NRX4_PRE ch=4 step=3 len=56 len_en=1 en=0
NRX4_POST ch=4 step=3 len=56 len_en=1 en=0
LEN_CLK ch=1 step=4 len=55 len_en=1 en=0
LEN_CLK ch=2 step=4 len=55 len_en=1 en=0
LEN_CLK ch=3 step=4 len=183 len_en=1 en=0
LEN_CLK ch=4 step=4 len=55 len_en=1 en=0
LEN_WRITE ch=1 step=4 len=55 len_en=1 en=0
NRX4_PRE ch=1 step=4 len=55 len_en=1 en=0
NRX4_POST ch=1 step=4 len=55 len_en=1 en=0
LEN_WRITE ch=2 step=4 len=55 len_en=1 en=0
NRX4_PRE ch=2 step=4 len=55 len_en=1 en=0
NRX4_POST ch=2 step=4 len=55 len_en=1 en=0
LEN_WRITE ch=3 step=4 len=183 len_en=1 en=0
NRX4_PRE ch=3 step=4 len=183 len_en=1 en=0
NRX4_POST ch=3 step=4 len=183 len_en=1 en=0
LEN_WRITE ch=4 step=4 len=55 len_en=1 en=0
NRX4_PRE ch=4 step=4 len=55 len_en=1 en=0
NRX4_POST ch=4 step=4 len=55 len_en=1 en=0
LEN_WRITE ch=1 step=5 len=54 len_en=1 en=0
NRX4_PRE ch=1 step=5 len=54 len_en=1 en=0
NRX4_POST ch=1 step=5 len=54 len_en=1 en=0
LEN_WRITE ch=2 step=5 len=54 len_en=1 en=0
NRX4_PRE ch=2 step=5 len=54 len_en=1 en=0
NRX4_POST ch=2 step=5 len=54 len_en=1 en=0
LEN_WRITE ch=3 step=5 len=182 len_en=1 en=0
NRX4_PRE ch=3 step=5 len=182 len_en=1 en=0
NRX4_POST ch=3 step=5 len=182 len_en=1 en=0
LEN_WRITE ch=4 step=5 len=54 len_en=1 en=0
NRX4_PRE ch=4 step=5 len=54 len_en=1 en=0
NRX4_POST ch=4 step=5 len=54 len_en=1 en=0
LEN_WRITE ch=1 step=5 len=53 len_en=1 en=0
NRX4_PRE ch=1 step=5 len=53 len_en=1 en=0
NRX4_POST ch=1 step=5 len=53 len_en=1 en=0
LEN_WRITE ch=2 step=5 len=53 len_en=1 en=0
LEN_CLK ch=1 step=6 len=52 len_en=1 en=0
LEN_CLK ch=2 step=6 len=52 len_en=1 en=0
LEN_CLK ch=3 step=6 len=181 len_en=1 en=0
LEN_CLK ch=4 step=6 len=53 len_en=1 en=0
NRX4_PRE ch=2 step=6 len=52 len_en=1 en=0
NRX4_POST ch=2 step=6 len=52 len_en=1 en=0
LEN_WRITE ch=3 step=6 len=181 len_en=1 en=0
NRX4_PRE ch=3 step=6 len=181 len_en=1 en=0
NRX4_POST ch=3 step=6 len=181 len_en=1 en=0
LEN_WRITE ch=4 step=6 len=53 len_en=1 en=0
NRX4_PRE ch=4 step=6 len=53 len_en=1 en=0
NRX4_POST ch=4 step=6 len=53 len_en=1 en=0
LEN_WRITE ch=1 step=6 len=52 len_en=1 en=0
NRX4_PRE ch=1 step=6 len=52 len_en=1 en=0
NRX4_POST ch=1 step=6 len=52 len_en=1 en=0
LEN_WRITE ch=2 step=6 len=52 len_en=1 en=0
NRX4_PRE ch=2 step=6 len=52 len_en=1 en=0
NRX4_POST ch=2 step=6 len=52 len_en=1 en=0
LEN_WRITE ch=3 step=6 len=180 len_en=1 en=0
NRX4_PRE ch=3 step=6 len=180 len_en=1 en=0
NRX4_POST ch=3 step=6 len=180 len_en=1 en=0
LEN_WRITE ch=4 step=6 len=52 len_en=1 en=0
NRX4_PRE ch=4 step=7 len=52 len_en=1 en=0
NRX4_POST ch=4 step=7 len=52 len_en=1 en=0
LEN_WRITE ch=1 step=7 len=51 len_en=1 en=0
NRX4_PRE ch=1 step=7 len=51 len_en=1 en=0
NRX4_POST ch=1 step=7 len=51 len_en=1 en=0
LEN_WRITE ch=2 step=7 len=51 len_en=1 en=0
NRX4_PRE ch=2 step=7 len=51 len_en=1 en=0
NRX4_POST ch=2 step=7 len=51 len_en=1 en=0
LEN_WRITE ch=3 step=7 len=179 len_en=1 en=0
NRX4_PRE ch=3 step=7 len=179 len_en=1 en=0
NRX4_POST ch=3 step=7 len=179 len_en=1 en=0
LEN_WRITE ch=4 step=7 len=51 len_en=1 en=0
NRX4_PRE ch=4 step=7 len=51 len_en=1 en=0
NRX4_POST ch=4 step=7 len=51 len_en=1 en=0
LEN_CLK ch=1 step=0 len=50 len_en=1 en=0
LEN_CLK ch=2 step=0 len=50 len_en=1 en=0
LEN_CLK ch=3 step=0 len=178 len_en=1 en=0
LEN_CLK ch=4 step=0 len=50 len_en=1 en=0
LEN_WRITE ch=1 step=0 len=50 len_en=1 en=0
NRX4_PRE ch=1 step=0 len=50 len_en=1 en=0
NRX4_POST ch=1 step=0 len=50 len_en=1 en=0
LEN_WRITE ch=2 step=0 len=50 len_en=1 en=0
NRX4_PRE ch=2 step=0 len=50 len_en=1 en=0
NRX4_POST ch=2 step=0 len=50 len_en=1 en=0
LEN_WRITE ch=3 step=0 len=178 len_en=1 en=0
NRX4_PRE ch=3 step=0 len=178 len_en=1 en=0
NRX4_POST ch=3 step=0 len=178 len_en=1 en=0
LEN_WRITE ch=4 step=0 len=50 len_en=1 en=0
NRX4_PRE ch=4 step=0 len=50 len_en=1 en=0
NRX4_POST ch=4 step=0 len=50 len_en=1 en=0
LEN_WRITE ch=1 step=1 len=49 len_en=1 en=0
NRX4_PRE ch=1 step=1 len=49 len_en=1 en=0
NRX4_POST ch=1 step=1 len=49 len_en=1 en=0
LEN_WRITE ch=2 step=1 len=49 len_en=1 en=0
NRX4_PRE ch=2 step=1 len=49 len_en=1 en=0
NRX4_POST ch=2 step=1 len=49 len_en=1 en=0
LEN_WRITE ch=3 step=1 len=177 len_en=1 en=0
NRX4_PRE ch=3 step=1 len=177 len_en=1 en=0
NRX4_POST ch=3 step=1 len=177 len_en=1 en=0
LEN_WRITE ch=4 step=1 len=49 len_en=1 en=0
NRX4_PRE ch=4 step=1 len=49 len_en=1 en=0
NRX4_POST ch=4 step=1 len=49 len_en=1 en=0
LEN_WRITE ch=1 step=1 len=48 len_en=1 en=0
NRX4_PRE ch=1 step=1 len=48 len_en=1 en=0
NRX4_POST ch=1 step=1 len=48 len_en=1 en=0
LEN_CLK ch=1 step=2 len=47 len_en=1 en=0
LEN_CLK ch=2 step=2 len=48 len_en=1 en=0
LEN_CLK ch=3 step=2 len=176 len_en=1 en=0
LEN_CLK ch=4 step=2 len=48 len_en=1 en=0
LEN_WRITE ch=2 step=2 len=48 len_en=1 en=0
NRX4_PRE ch=2 step=2 len=48 len_en=1 en=0
NRX4_POST ch=2 step=2 len=48 len_en=1 en=0
LEN_WRITE ch=3 step=2 len=176 len_en=1 en=0
NRX4_PRE ch=3 step=2 len=176 len_en=1 en=0
NRX4_POST ch=3 step=2 len=176 len_en=1 en=0
LEN_WRITE ch=4 step=2 len=48 len_en=1 en=0
NRX4_PRE ch=4 step=2 len=48 len_en=1 en=0
NRX4_POST ch=4 step=2 len=48 len_en=1 en=0
LEN_WRITE ch=1 step=2 len=47 len_en=1 en=0
NRX4_PRE ch=1 step=2 len=47 len_en=1 en=0
NRX4_POST ch=1 step=2 len=47 len_en=1 en=0
LEN_WRITE ch=2 step=2 len=47 len_en=1 en=0
NRX4_PRE ch=2 step=2 len=47 len_en=1 en=0
NRX4_POST ch=2 step=2 len=47 len_en=1 en=0
LEN_WRITE ch=3 step=2 len=175 len_en=1 en=0
NRX4_PRE ch=3 step=2 len=175 len_en=1 en=0
NRX4_POST ch=3 step=2 len=175 len_en=1 en=0
LEN_WRITE ch=4 step=2 len=47 len_en=1 en=0
NRX4_PRE ch=4 step=3 len=47 len_en=1 en=0
NRX4_POST ch=4 step=3 len=47 len_en=1 en=0
LEN_WRITE ch=1 step=3 len=46 len_en=1 en=0
NRX4_PRE ch=1 step=3 len=46 len_en=1 en=0
NRX4_POST ch=1 step=3 len=46 len_en=1 en=0
LEN_WRITE ch=2 step=3 len=46 len_en=1 en=0
NRX4_PRE ch=2 step=3 len=46 len_en=1 en=0
NRX4_POST ch=2 step=3 len=46 len_en=1 en=0
LEN_WRITE ch=3 step=3 len=174 len_en=1 en=0
NRX4_PRE ch=3 step=3 len=174 len_en=1 en=0
NRX4_POST ch=3 step=3 len=174 len_en=1 en=0
LEN_WRITE ch=4 step=3 len=46 len_en=1 en=0
NRX4_PRE ch=4 step=3 len=46 len_en=1 en=0
NRX4_POST ch=4 step=3 len=46 len_en=1 en=0
LEN_CLK ch=1 step=4 len=45 len_en=1 en=0
LEN_CLK ch=2 step=4 len=45 len_en=1 en=0
LEN_CLK ch=3 step=4 len=173 len_en=1 en=0
LEN_CLK ch=4 step=4 len=45 len_en=1 en=0
LEN_WRITE ch=1 step=4 len=45 len_en=1 en=0
NRX4_PRE ch=1 step=4 len=45 len_en=1 en=0
NRX4_POST ch=1 step=4 len=45 len_en=1 en=0
LEN_WRITE ch=2 step=4 len=45 len_en=1 en=0
NRX4_PRE ch=2 step=4 len=45 len_en=1 en=0
NRX4_POST ch=2 step=4 len=45 len_en=1 en=0
LEN_WRITE ch=3 step=4 len=173 len_en=1 en=0
NRX4_PRE ch=3 step=4 len=173 len_en=1 en=0
NRX4_POST ch=3 step=4 len=173 len_en=1 en=0
LEN_WRITE ch=4 step=4 len=45 len_en=1 en=0
NRX4_PRE ch=4 step=4 len=45 len_en=1 en=0
NRX4_POST ch=4 step=4 len=45 len_en=1 en=0
LEN_WRITE ch=1 step=5 len=44 len_en=1 en=0
NRX4_PRE ch=1 step=5 len=44 len_en=1 en=0
NRX4_POST ch=1 step=5 len=44 len_en=1 en=0
LEN_WRITE ch=2 step=5 len=44 len_en=1 en=0
NRX4_PRE ch=2 step=5 len=44 len_en=1 en=0
NRX4_POST ch=2 step=5 len=44 len_en=1 en=0
LEN_WRITE ch=3 step=5 len=172 len_en=1 en=0
NRX4_PRE ch=3 step=5 len=172 len_en=1 en=0
NRX4_POST ch=3 step=5 len=172 len_en=1 en=0
LEN_WRITE ch=4 step=5 len=44 len_en=1 en=0
NRX4_PRE ch=4 step=5 len=44 len_en=1 en=0
NRX4_POST ch=4 step=5 len=44 len_en=1 en=0
LEN_WRITE ch=1 step=5 len=43 len_en=1 en=0
NRX4_PRE ch=1 step=5 len=43 len_en=1 en=0
NRX4_POST ch=1 step=5 len=43 len_en=1 en=0
LEN_CLK ch=1 step=6 len=42 len_en=1 en=0
LEN_CLK ch=2 step=6 len=43 len_en=1 en=0
LEN_CLK ch=3 step=6 len=171 len_en=1 en=0
LEN_CLK ch=4 step=6 len=43 len_en=1 en=0
LEN_WRITE ch=2 step=6 len=43 len_en=1 en=0
NRX4_PRE ch=2 step=6 len=43 len_en=1 en=0
NRX4_POST ch=2 step=6 len=43 len_en=1 en=0
LEN_WRITE ch=3 step=6 len=171 len_en=1 en=0
NRX4_PRE ch=3 step=6 len=171 len_en=1 en=0
NRX4_POST ch=3 step=6 len=171 len_en=1 en=0
LEN_WRITE ch=4 step=6 len=43 len_en=1 en=0
NRX4_PRE ch=4 step=6 len=43 len_en=1 en=0
NRX4_POST ch=4 step=6 len=43 len_en=1 en=0
LEN_WRITE ch=1 step=6 len=42 len_en=1 en=0
NRX4_PRE ch=1 step=6 len=42 len_en=1 en=0
NRX4_POST ch=1 step=6 len=42 len_en=1 en=0
LEN_WRITE ch=2 step=6 len=42 len_en=1 en=0
NRX4_PRE ch=2 step=6 len=42 len_en=1 en=0
NRX4_POST ch=2 step=6 len=42 len_en=1 en=0
LEN_WRITE ch=3 step=6 len=170 len_en=1 en=0
NRX4_PRE ch=3 step=6 len=170 len_en=1 en=0
NRX4_POST ch=3 step=6 len=170 len_en=1 en=0
LEN_WRITE ch=4 step=6 len=42 len_en=1 en=0
NRX4_PRE ch=4 step=7 len=42 len_en=1 en=0
NRX4_POST ch=4 step=7 len=42 len_en=1 en=0
LEN_WRITE ch=1 step=7 len=41 len_en=1 en=0
NRX4_PRE ch=1 step=7 len=41 len_en=1 en=0
NRX4_POST ch=1 step=7 len=41 len_en=1 en=0
LEN_WRITE ch=2 step=7 len=41 len_en=1 en=0
NRX4_PRE ch=2 step=7 len=41 len_en=1 en=0
NRX4_POST ch=2 step=7 len=41 len_en=1 en=0
LEN_WRITE ch=3 step=7 len=169 len_en=1 en=0
NRX4_PRE ch=3 step=7 len=169 len_en=1 en=0
NRX4_POST ch=3 step=7 len=169 len_en=1 en=0
LEN_WRITE ch=4 step=7 len=41 len_en=1 en=0
NRX4_PRE ch=4 step=7 len=41 len_en=1 en=0
NRX4_POST ch=4 step=7 len=41 len_en=1 en=0
LEN_CLK ch=1 step=0 len=40 len_en=1 en=0
LEN_CLK ch=2 step=0 len=40 len_en=1 en=0
LEN_CLK ch=3 step=0 len=168 len_en=1 en=0
LEN_CLK ch=4 step=0 len=40 len_en=1 en=0
LEN_WRITE ch=1 step=0 len=40 len_en=1 en=0
NRX4_PRE ch=1 step=0 len=40 len_en=1 en=0
NRX4_POST ch=1 step=0 len=40 len_en=1 en=0
LEN_WRITE ch=2 step=0 len=40 len_en=1 en=0
NRX4_PRE ch=2 step=0 len=40 len_en=1 en=0
NRX4_POST ch=2 step=0 len=40 len_en=1 en=0
LEN_WRITE ch=3 step=0 len=168 len_en=1 en=0
NRX4_PRE ch=3 step=0 len=168 len_en=1 en=0
NRX4_POST ch=3 step=0 len=168 len_en=1 en=0
LEN_WRITE ch=4 step=0 len=40 len_en=1 en=0
NRX4_PRE ch=4 step=0 len=40 len_en=1 en=0
NRX4_POST ch=4 step=0 len=40 len_en=1 en=0
LEN_WRITE ch=1 step=1 len=39 len_en=1 en=0
NRX4_PRE ch=1 step=1 len=39 len_en=1 en=0
NRX4_POST ch=1 step=1 len=39 len_en=1 en=0
LEN_WRITE ch=2 step=1 len=39 len_en=1 en=0
NRX4_PRE ch=2 step=1 len=39 len_en=1 en=0
NRX4_POST ch=2 step=1 len=39 len_en=1 en=0
LEN_WRITE ch=3 step=1 len=167 len_en=1 en=0
NRX4_PRE ch=3 step=1 len=167 len_en=1 en=0
NRX4_POST ch=3 step=1 len=167 len_en=1 en=0
LEN_WRITE ch=4 step=1 len=39 len_en=1 en=0
NRX4_PRE ch=4 step=1 len=39 len_en=1 en=0
NRX4_POST ch=4 step=1 len=39 len_en=1 en=0
LEN_WRITE ch=1 step=1 len=38 len_en=1 en=0
NRX4_PRE ch=1 step=1 len=38 len_en=1 en=0
NRX4_POST ch=1 step=1 len=38 len_en=1 en=0
LEN_CLK ch=1 step=2 len=37 len_en=1 en=0
LEN_CLK ch=2 step=2 len=38 len_en=1 en=0
LEN_CLK ch=3 step=2 len=166 len_en=1 en=0
LEN_CLK ch=4 step=2 len=38 len_en=1 en=0
LEN_WRITE ch=2 step=2 len=38 len_en=1 en=0
NRX4_PRE ch=2 step=2 len=38 len_en=1 en=0
NRX4_POST ch=2 step=2 len=38 len_en=1 en=0
LEN_WRITE ch=3 step=2 len=166 len_en=1 en=0
NRX4_PRE ch=3 step=2 len=166 len_en=1 en=0
NRX4_POST ch=3 step=2 len=166 len_en=1 en=0
LEN_WRITE ch=4 step=2 len=38 len_en=1 en=0
NRX4_PRE ch=4 step=2 len=38 len_en=1 en=0
NRX4_POST ch=4 step=2 len=38 len_en=1 en=0
LEN_WRITE ch=1 step=2 len=37 len_en=1 en=0
NRX4_PRE ch=1 step=2 len=37 len_en=1 en=0
NRX4_POST ch=1 step=2 len=37 len_en=1 en=0
LEN_WRITE ch=2 step=2 len=37 len_en=1 en=0
NRX4_PRE ch=2 step=2 len=37 len_en=1 en=0
NRX4_POST ch=2 step=2 len=37 len_en=1 en=0
LEN_WRITE ch=3 step=2 len=165 len_en=1 en=0
NRX4_PRE ch=3 step=2 len=165 len_en=1 en=0
NRX4_POST ch=3 step=2 len=165 len_en=1 en=0
LEN_WRITE ch=4 step=2 len=37 len_en=1 en=0
NRX4_PRE ch=4 step=3 len=37 len_en=1 en=0
NRX4_POST ch=4 step=3 len=37 len_en=1 en=0
LEN_WRITE ch=1 step=3 len=36 len_en=1 en=0
NRX4_PRE ch=1 step=3 len=36 len_en=1 en=0
NRX4_POST ch=1 step=3 len=36 len_en=1 en=0
LEN_WRITE ch=2 step=3 len=36 len_en=1 en=0
NRX4_PRE ch=2 step=3 len=36 len_en=1 en=0
NRX4_POST ch=2 step=3 len=36 len_en=1 en=0
LEN_WRITE ch=3 step=3 len=164 len_en=1 en=0
NRX4_PRE ch=3 step=3 len=164 len_en=1 en=0
NRX4_POST ch=3 step=3 len=164 len_en=1 en=0
LEN_WRITE ch=4 step=3 len=36 len_en=1 en=0
NRX4_PRE ch=4 step=3 len=36 len_en=1 en=0
NRX4_POST ch=4 step=3 len=36 len_en=1 en=0
LEN_CLK ch=1 step=4 len=35 len_en=1 en=0
LEN_CLK ch=2 step=4 len=35 len_en=1 en=0
LEN_CLK ch=3 step=4 len=163 len_en=1 en=0
LEN_CLK ch=4 step=4 len=35 len_en=1 en=0
LEN_WRITE ch=1 step=4 len=35 len_en=1 en=0
NRX4_PRE ch=1 step=4 len=35 len_en=1 en=0
NRX4_POST ch=1 step=4 len=35 len_en=1 en=0
LEN_WRITE ch=2 step=4 len=35 len_en=1 en=0
NRX4_PRE ch=2 step=4 len=35 len_en=1 en=0
NRX4_POST ch=2 step=4 len=35 len_en=1 en=0
LEN_WRITE ch=3 step=4 len=163 len_en=1 en=0
NRX4_PRE ch=3 step=4 len=163 len_en=1 en=0
NRX4_POST ch=3 step=4 len=163 len_en=1 en=0
LEN_WRITE ch=4 step=4 len=35 len_en=1 en=0
NRX4_PRE ch=4 step=4 len=35 len_en=1 en=0
NRX4_POST ch=4 step=4 len=35 len_en=1 en=0
LEN_WRITE ch=1 step=5 len=34 len_en=1 en=0
NRX4_PRE ch=1 step=5 len=34 len_en=1 en=0
NRX4_POST ch=1 step=5 len=34 len_en=1 en=0
LEN_WRITE ch=2 step=5 len=34 len_en=1 en=0
NRX4_PRE ch=2 step=5 len=34 len_en=1 en=0
NRX4_POST ch=2 step=5 len=34 len_en=1 en=0
LEN_WRITE ch=3 step=5 len=162 len_en=1 en=0
NRX4_PRE ch=3 step=5 len=162 len_en=1 en=0
NRX4_POST ch=3 step=5 len=162 len_en=1 en=0
LEN_WRITE ch=4 step=5 len=34 len_en=1 en=0
NRX4_PRE ch=4 step=5 len=34 len_en=1 en=0
NRX4_POST ch=4 step=5 len=34 len_en=1 en=0
LEN_WRITE ch=1 step=5 len=33 len_en=1 en=0
NRX4_PRE ch=1 step=5 len=33 len_en=1 en=0
NRX4_POST ch=1 step=5 len=33 len_en=1 en=0
LEN_CLK ch=1 step=6 len=32 len_en=1 en=0
LEN_CLK ch=2 step=6 len=33 len_en=1 en=0
LEN_CLK ch=3 step=6 len=161 len_en=1 en=0
LEN_CLK ch=4 step=6 len=33 len_en=1 en=0
LEN_WRITE ch=2 step=6 len=33 len_en=1 en=0
NRX4_PRE ch=2 step=6 len=33 len_en=1 en=0
NRX4_POST ch=2 step=6 len=33 len_en=1 en=0
LEN_WRITE ch=3 step=6 len=161 len_en=1 en=0
NRX4_PRE ch=3 step=6 len=161 len_en=1 en=0
NRX4_POST ch=3 step=6 len=161 len_en=1 en=0
LEN_WRITE ch=4 step=6 len=33 len_en=1 en=0
NRX4_PRE ch=4 step=6 len=33 len_en=1 en=0
NRX4_POST ch=4 step=6 len=33 len_en=1 en=0
LEN_WRITE ch=1 step=6 len=32 len_en=1 en=0
NRX4_PRE ch=1 step=6 len=32 len_en=1 en=0
NRX4_POST ch=1 step=6 len=32 len_en=1 en=0
LEN_WRITE ch=2 step=6 len=32 len_en=1 en=0
NRX4_PRE ch=2 step=6 len=32 len_en=1 en=0
NRX4_POST ch=2 step=6 len=32 len_en=1 en=0
LEN_WRITE ch=3 step=6 len=160 len_en=1 en=0
NRX4_PRE ch=3 step=6 len=160 len_en=1 en=0
NRX4_POST ch=3 step=6 len=160 len_en=1 en=0
LEN_WRITE ch=4 step=6 len=32 len_en=1 en=0
NRX4_PRE ch=4 step=7 len=32 len_en=1 en=0
NRX4_POST ch=4 step=7 len=32 len_en=1 en=0
LEN_WRITE ch=1 step=7 len=31 len_en=1 en=0
NRX4_PRE ch=1 step=7 len=31 len_en=1 en=0
NRX4_POST ch=1 step=7 len=31 len_en=1 en=0
LEN_WRITE ch=2 step=7 len=31 len_en=1 en=0
NRX4_PRE ch=2 step=7 len=31 len_en=1 en=0
NRX4_POST ch=2 step=7 len=31 len_en=1 en=0
LEN_WRITE ch=3 step=7 len=159 len_en=1 en=0
NRX4_PRE ch=3 step=7 len=159 len_en=1 en=0
NRX4_POST ch=3 step=7 len=159 len_en=1 en=0
LEN_WRITE ch=4 step=7 len=31 len_en=1 en=0
NRX4_PRE ch=4 step=7 len=31 len_en=1 en=0
NRX4_POST ch=4 step=7 len=31 len_en=1 en=0
LEN_CLK ch=1 step=0 len=30 len_en=1 en=0
LEN_CLK ch=2 step=0 len=30 len_en=1 en=0
LEN_CLK ch=3 step=0 len=158 len_en=1 en=0
LEN_CLK ch=4 step=0 len=30 len_en=1 en=0
LEN_WRITE ch=1 step=0 len=30 len_en=1 en=0
NRX4_PRE ch=1 step=0 len=30 len_en=1 en=0
NRX4_POST ch=1 step=0 len=30 len_en=1 en=0
LEN_WRITE ch=2 step=0 len=30 len_en=1 en=0
NRX4_PRE ch=2 step=0 len=30 len_en=1 en=0
NRX4_POST ch=2 step=0 len=30 len_en=1 en=0
LEN_WRITE ch=3 step=0 len=158 len_en=1 en=0
NRX4_PRE ch=3 step=0 len=158 len_en=1 en=0
NRX4_POST ch=3 step=0 len=158 len_en=1 en=0
LEN_WRITE ch=4 step=0 len=30 len_en=1 en=0
NRX4_PRE ch=4 step=0 len=30 len_en=1 en=0
NRX4_POST ch=4 step=0 len=30 len_en=1 en=0
LEN_WRITE ch=1 step=1 len=29 len_en=1 en=0
NRX4_PRE ch=1 step=1 len=29 len_en=1 en=0
NRX4_POST ch=1 step=1 len=29 len_en=1 en=0
LEN_WRITE ch=2 step=1 len=29 len_en=1 en=0
NRX4_PRE ch=2 step=1 len=29 len_en=1 en=0
NRX4_POST ch=2 step=1 len=29 len_en=1 en=0
LEN_WRITE ch=3 step=1 len=157 len_en=1 en=0
NRX4_PRE ch=3 step=1 len=157 len_en=1 en=0
NRX4_POST ch=3 step=1 len=157 len_en=1 en=0
LEN_WRITE ch=4 step=1 len=29 len_en=1 en=0
NRX4_PRE ch=4 step=1 len=29 len_en=1 en=0
NRX4_POST ch=4 step=1 len=29 len_en=1 en=0
LEN_WRITE ch=1 step=1 len=28 len_en=1 en=0
LEN_CLK ch=1 step=2 len=27 len_en=1 en=0
LEN_CLK ch=2 step=2 len=28 len_en=1 en=0
LEN_CLK ch=3 step=2 len=156 len_en=1 en=0
LEN_CLK ch=4 step=2 len=28 len_en=1 en=0
NRX4_PRE ch=1 step=2 len=27 len_en=1 en=0
NRX4_POST ch=1 step=2 len=27 len_en=1 en=0
LEN_WRITE ch=2 step=2 len=28 len_en=1 en=0
NRX4_PRE ch=2 step=2 len=28 len_en=1 en=0
NRX4_POST ch=2 step=2 len=28 len_en=1 en=0
LEN_WRITE ch=3 step=2 len=156 len_en=1 en=0
NRX4_PRE ch=3 step=2 len=156 len_en=1 en=0
NRX4_POST ch=3 step=2 len=156 len_en=1 en=0
LEN_WRITE ch=4 step=2 len=28 len_en=1 en=0
NRX4_PRE ch=4 step=2 len=28 len_en=1 en=0
NRX4_POST ch=4 step=2 len=28 len_en=1 en=0
LEN_WRITE ch=1 step=2 len=27 len_en=1 en=0
NRX4_PRE ch=1 step=2 len=27 len_en=1 en=0
NRX4_POST ch=1 step=2 len=27 len_en=1 en=0
LEN_WRITE ch=2 step=2 len=27 len_en=1 en=0
NRX4_PRE ch=2 step=2 len=27 len_en=1 en=0
NRX4_POST ch=2 step=2 len=27 len_en=1 en=0
LEN_WRITE ch=3 step=2 len=155 len_en=1 en=0
NRX4_PRE ch=3 step=2 len=155 len_en=1 en=0
NRX4_POST ch=3 step=2 len=155 len_en=1 en=0
LEN_WRITE ch=4 step=3 len=27 len_en=1 en=0
NRX4_PRE ch=4 step=3 len=27 len_en=1 en=0
NRX4_POST ch=4 step=3 len=27 len_en=1 en=0
LEN_WRITE ch=1 step=3 len=26 len_en=1 en=0
NRX4_PRE ch=1 step=3 len=26 len_en=1 en=0
NRX4_POST ch=1 step=3 len=26 len_en=1 en=0
LEN_WRITE ch=2 step=3 len=26 len_en=1 en=0
NRX4_PRE ch=2 step=3 len=26 len_en=1 en=0
NRX4_POST ch=2 step=3 len=26 len_en=1 en=0
LEN_WRITE ch=3 step=3 len=154 len_en=1 en=0
NRX4_PRE ch=3 step=3 len=154 len_en=1 en=0
NRX4_POST ch=3 step=3 len=154 len_en=1 en=0
LEN_WRITE ch=4 step=3 len=26 len_en=1 en=0
NRX4_PRE ch=4 step=3 len=26 len_en=1 en=0
NRX4_POST ch=4 step=3 len=26 len_en=1 en=0
LEN_CLK ch=1 step=4 len=25 len_en=1 en=0
LEN_CLK ch=2 step=4 len=25 len_en=1 en=0
LEN_CLK ch=3 step=4 len=153 len_en=1 en=0
LEN_CLK ch=4 step=4 len=25 len_en=1 en=0
LEN_WRITE ch=1 step=4 len=25 len_en=1 en=0
NRX4_PRE ch=1 step=4 len=25 len_en=1 en=0
NRX4_POST ch=1 step=4 len=25 len_en=1 en=0
LEN_WRITE ch=2 step=4 len=25 len_en=1 en=0
NRX4_PRE ch=2 step=4 len=25 len_en=1 en=0
NRX4_POST ch=2 step=4 len=25 len_en=1 en=0
LEN_WRITE ch=3 step=4 len=153 len_en=1 en=0
NRX4_PRE ch=3 step=4 len=153 len_en=1 en=0
NRX4_POST ch=3 step=4 len=153 len_en=1 en=0
LEN_WRITE ch=4 step=4 len=25 len_en=1 en=0
NRX4_PRE ch=4 step=4 len=25 len_en=1 en=0
NRX4_POST ch=4 step=4 len=25 len_en=1 en=0
LEN_WRITE ch=1 step=5 len=24 len_en=1 en=0
NRX4_PRE ch=1 step=5 len=24 len_en=1 en=0
NRX4_POST ch=1 step=5 len=24 len_en=1 en=0
LEN_WRITE ch=2 step=5 len=24 len_en=1 en=0
NRX4_PRE ch=2 step=5 len=24 len_en=1 en=0
NRX4_POST ch=2 step=5 len=24 len_en=1 en=0
LEN_WRITE ch=3 step=5 len=152 len_en=1 en=0
NRX4_PRE ch=3 step=5 len=152 len_en=1 en=0
NRX4_POST ch=3 step=5 len=152 len_en=1 en=0
LEN_WRITE ch=4 step=5 len=24 len_en=1 en=0
NRX4_PRE ch=4 step=5 len=24 len_en=1 en=0
NRX4_POST ch=4 step=5 len=24 len_en=1 en=0
LEN_WRITE ch=1 step=5 len=23 len_en=1 en=0
LEN_CLK ch=1 step=6 len=22 len_en=1 en=0
LEN_CLK ch=2 step=6 len=23 len_en=1 en=0
LEN_CLK ch=3 step=6 len=151 len_en=1 en=0
LEN_CLK ch=4 step=6 len=23 len_en=1 en=0
NRX4_PRE ch=1 step=6 len=22 len_en=1 en=0
NRX4_POST ch=1 step=6 len=22 len_en=1 en=0
LEN_WRITE ch=2 step=6 len=23 len_en=1 en=0
NRX4_PRE ch=2 step=6 len=23 len_en=1 en=0
NRX4_POST ch=2 step=6 len=23 len_en=1 en=0
LEN_WRITE ch=3 step=6 len=151 len_en=1 en=0
NRX4_PRE ch=3 step=6 len=151 len_en=1 en=0
NRX4_POST ch=3 step=6 len=151 len_en=1 en=0
LEN_WRITE ch=4 step=6 len=23 len_en=1 en=0
NRX4_PRE ch=4 step=6 len=23 len_en=1 en=0
NRX4_POST ch=4 step=6 len=23 len_en=1 en=0
LEN_WRITE ch=1 step=6 len=22 len_en=1 en=0
NRX4_PRE ch=1 step=6 len=22 len_en=1 en=0
NRX4_POST ch=1 step=6 len=22 len_en=1 en=0
LEN_WRITE ch=2 step=6 len=22 len_en=1 en=0
NRX4_PRE ch=2 step=6 len=22 len_en=1 en=0
NRX4_POST ch=2 step=6 len=22 len_en=1 en=0
LEN_WRITE ch=3 step=6 len=150 len_en=1 en=0
NRX4_PRE ch=3 step=6 len=150 len_en=1 en=0
NRX4_POST ch=3 step=6 len=150 len_en=1 en=0
LEN_WRITE ch=4 step=7 len=22 len_en=1 en=0
NRX4_PRE ch=4 step=7 len=22 len_en=1 en=0
NRX4_POST ch=4 step=7 len=22 len_en=1 en=0
LEN_WRITE ch=1 step=7 len=21 len_en=1 en=0
NRX4_PRE ch=1 step=7 len=21 len_en=1 en=0
NRX4_POST ch=1 step=7 len=21 len_en=1 en=0
LEN_WRITE ch=2 step=7 len=21 len_en=1 en=0
NRX4_PRE ch=2 step=7 len=21 len_en=1 en=0
NRX4_POST ch=2 step=7 len=21 len_en=1 en=0
LEN_WRITE ch=3 step=7 len=149 len_en=1 en=0
NRX4_PRE ch=3 step=7 len=149 len_en=1 en=0
NRX4_POST ch=3 step=7 len=149 len_en=1 en=0
LEN_WRITE ch=4 step=7 len=21 len_en=1 en=0
NRX4_PRE ch=4 step=7 len=21 len_en=1 en=0
NRX4_POST ch=4 step=7 len=21 len_en=1 en=0
LEN_CLK ch=1 step=0 len=20 len_en=1 en=0
LEN_CLK ch=2 step=0 len=20 len_en=1 en=0
LEN_CLK ch=3 step=0 len=148 len_en=1 en=0
LEN_CLK ch=4 step=0 len=20 len_en=1 en=0
LEN_WRITE ch=1 step=0 len=20 len_en=1 en=0
NRX4_PRE ch=1 step=0 len=20 len_en=1 en=0
NRX4_POST ch=1 step=0 len=20 len_en=1 en=0
LEN_WRITE ch=2 step=0 len=20 len_en=1 en=0
NRX4_PRE ch=2 step=0 len=20 len_en=1 en=0
NRX4_POST ch=2 step=0 len=20 len_en=1 en=0
LEN_WRITE ch=3 step=0 len=148 len_en=1 en=0
NRX4_PRE ch=3 step=0 len=148 len_en=1 en=0
NRX4_POST ch=3 step=0 len=148 len_en=1 en=0
LEN_WRITE ch=4 step=0 len=20 len_en=1 en=0
NRX4_PRE ch=4 step=0 len=20 len_en=1 en=0
NRX4_POST ch=4 step=0 len=20 len_en=1 en=0
LEN_WRITE ch=1 step=1 len=19 len_en=1 en=0
NRX4_PRE ch=1 step=1 len=19 len_en=1 en=0
NRX4_POST ch=1 step=1 len=19 len_en=1 en=0
LEN_WRITE ch=2 step=1 len=19 len_en=1 en=0
NRX4_PRE ch=2 step=1 len=19 len_en=1 en=0
NRX4_POST ch=2 step=1 len=19 len_en=1 en=0
LEN_WRITE ch=3 step=1 len=147 len_en=1 en=0
NRX4_PRE ch=3 step=1 len=147 len_en=1 en=0
NRX4_POST ch=3 step=1 len=147 len_en=1 en=0
LEN_WRITE ch=4 step=1 len=19 len_en=1 en=0
NRX4_PRE ch=4 step=1 len=19 len_en=1 en=0
NRX4_POST ch=4 step=1 len=19 len_en=1 en=0
LEN_WRITE ch=1 step=1 len=18 len_en=1 en=0
LEN_CLK ch=1 step=2 len=17 len_en=1 en=0
LEN_CLK ch=2 step=2 len=18 len_en=1 en=0
LEN_CLK ch=3 step=2 len=146 len_en=1 en=0
LEN_CLK ch=4 step=2 len=18 len_en=1 en=0
NRX4_PRE ch=1 step=2 len=17 len_en=1 en=0
NRX4_POST ch=1 step=2 len=17 len_en=1 en=0
LEN_WRITE ch=2 step=2 len=18 len_en=1 en=0
NRX4_PRE ch=2 step=2 len=18 len_en=1 en=0
NRX4_POST ch=2 step=2 len=18 len_en=1 en=0
LEN_WRITE ch=3 step=2 len=146 len_en=1 en=0
NRX4_PRE ch=3 step=2 len=146 len_en=1 en=0
NRX4_POST ch=3 step=2 len=146 len_en=1 en=0
LEN_WRITE ch=4 step=2 len=18 len_en=1 en=0
NRX4_PRE ch=4 step=2 len=18 len_en=1 en=0
NRX4_POST ch=4 step=2 len=18 len_en=1 en=0
LEN_WRITE ch=1 step=2 len=17 len_en=1 en=0
NRX4_PRE ch=1 step=2 len=17 len_en=1 en=0
NRX4_POST ch=1 step=2 len=17 len_en=1 en=0
LEN_WRITE ch=2 step=2 len=17 len_en=1 en=0
NRX4_PRE ch=2 step=2 len=17 len_en=1 en=0
NRX4_POST ch=2 step=2 len=17 len_en=1 en=0
LEN_WRITE ch=3 step=2 len=145 len_en=1 en=0
NRX4_PRE ch=3 step=2 len=145 len_en=1 en=0
NRX4_POST ch=3 step=2 len=145 len_en=1 en=0
LEN_WRITE ch=4 step=3 len=17 len_en=1 en=0
NRX4_PRE ch=4 step=3 len=17 len_en=1 en=0
NRX4_POST ch=4 step=3 len=17 len_en=1 en=0
LEN_WRITE ch=1 step=3 len=16 len_en=1 en=0
NRX4_PRE ch=1 step=3 len=16 len_en=1 en=0
NRX4_POST ch=1 step=3 len=16 len_en=1 en=0
LEN_WRITE ch=2 step=3 len=16 len_en=1 en=0
NRX4_PRE ch=2 step=3 len=16 len_en=1 en=0
NRX4_POST ch=2 step=3 len=16 len_en=1 en=0
LEN_WRITE ch=3 step=3 len=144 len_en=1 en=0
NRX4_PRE ch=3 step=3 len=144 len_en=1 en=0
NRX4_POST ch=3 step=3 len=144 len_en=1 en=0
LEN_WRITE ch=4 step=3 len=16 len_en=1 en=0
NRX4_PRE ch=4 step=3 len=16 len_en=1 en=0
NRX4_POST ch=4 step=3 len=16 len_en=1 en=0
LEN_CLK ch=1 step=4 len=15 len_en=1 en=0
LEN_CLK ch=2 step=4 len=15 len_en=1 en=0
LEN_CLK ch=3 step=4 len=143 len_en=1 en=0
LEN_CLK ch=4 step=4 len=15 len_en=1 en=0
LEN_WRITE ch=1 step=4 len=15 len_en=1 en=0
NRX4_PRE ch=1 step=4 len=15 len_en=1 en=0
NRX4_POST ch=1 step=4 len=15 len_en=1 en=0
LEN_WRITE ch=2 step=4 len=15 len_en=1 en=0
NRX4_PRE ch=2 step=4 len=15 len_en=1 en=0
NRX4_POST ch=2 step=4 len=15 len_en=1 en=0
LEN_WRITE ch=3 step=4 len=143 len_en=1 en=0
NRX4_PRE ch=3 step=4 len=143 len_en=1 en=0
NRX4_POST ch=3 step=4 len=143 len_en=1 en=0
LEN_WRITE ch=4 step=4 len=15 len_en=1 en=0
NRX4_PRE ch=4 step=4 len=15 len_en=1 en=0
NRX4_POST ch=4 step=4 len=15 len_en=1 en=0
LEN_WRITE ch=1 step=5 len=14 len_en=1 en=0
NRX4_PRE ch=1 step=5 len=14 len_en=1 en=0
NRX4_POST ch=1 step=5 len=14 len_en=1 en=0
LEN_WRITE ch=2 step=5 len=14 len_en=1 en=0
NRX4_PRE ch=2 step=5 len=14 len_en=1 en=0
NRX4_POST ch=2 step=5 len=14 len_en=1 en=0
LEN_WRITE ch=3 step=5 len=142 len_en=1 en=0
NRX4_PRE ch=3 step=5 len=142 len_en=1 en=0
NRX4_POST ch=3 step=5 len=142 len_en=1 en=0
LEN_WRITE ch=4 step=5 len=14 len_en=1 en=0
NRX4_PRE ch=4 step=5 len=14 len_en=1 en=0
NRX4_POST ch=4 step=5 len=14 len_en=1 en=0
LEN_WRITE ch=1 step=5 len=13 len_en=1 en=0
LEN_CLK ch=1 step=6 len=12 len_en=1 en=0
LEN_CLK ch=2 step=6 len=13 len_en=1 en=0
LEN_CLK ch=3 step=6 len=141 len_en=1 en=0
LEN_CLK ch=4 step=6 len=13 len_en=1 en=0
NRX4_PRE ch=1 step=6 len=12 len_en=1 en=0
NRX4_POST ch=1 step=6 len=12 len_en=1 en=0
LEN_WRITE ch=2 step=6 len=13 len_en=1 en=0
NRX4_PRE ch=2 step=6 len=13 len_en=1 en=0
NRX4_POST ch=2 step=6 len=13 len_en=1 en=0
LEN_WRITE ch=3 step=6 len=141 len_en=1 en=0
NRX4_PRE ch=3 step=6 len=141 len_en=1 en=0
NRX4_POST ch=3 step=6 len=141 len_en=1 en=0
LEN_WRITE ch=4 step=6 len=13 len_en=1 en=0
NRX4_PRE ch=4 step=6 len=13 len_en=1 en=0
NRX4_POST ch=4 step=6 len=13 len_en=1 en=0
LEN_WRITE ch=1 step=6 len=12 len_en=1 en=0
NRX4_PRE ch=1 step=6 len=12 len_en=1 en=0
NRX4_POST ch=1 step=6 len=12 len_en=1 en=0
LEN_WRITE ch=2 step=6 len=12 len_en=1 en=0
NRX4_PRE ch=2 step=6 len=12 len_en=1 en=0
NRX4_POST ch=2 step=6 len=12 len_en=1 en=0
LEN_WRITE ch=3 step=6 len=140 len_en=1 en=0
NRX4_PRE ch=3 step=7 len=140 len_en=1 en=0
NRX4_POST ch=3 step=7 len=140 len_en=1 en=0
LEN_WRITE ch=4 step=7 len=12 len_en=1 en=0
NRX4_PRE ch=4 step=7 len=12 len_en=1 en=0
NRX4_POST ch=4 step=7 len=12 len_en=1 en=0
LEN_WRITE ch=1 step=7 len=11 len_en=1 en=0
NRX4_PRE ch=1 step=7 len=11 len_en=1 en=0
NRX4_POST ch=1 step=7 len=11 len_en=1 en=0
LEN_WRITE ch=2 step=7 len=11 len_en=1 en=0
NRX4_PRE ch=2 step=7 len=11 len_en=1 en=0
NRX4_POST ch=2 step=7 len=11 len_en=1 en=0
LEN_WRITE ch=3 step=7 len=139 len_en=1 en=0
NRX4_PRE ch=3 step=7 len=139 len_en=1 en=0
NRX4_POST ch=3 step=7 len=139 len_en=1 en=0
LEN_WRITE ch=4 step=7 len=11 len_en=1 en=0
NRX4_PRE ch=4 step=7 len=11 len_en=1 en=0
NRX4_POST ch=4 step=7 len=11 len_en=1 en=0
